{"numTotalTestSuites":2,"numPassedTestSuites":2,"numFailedTestSuites":0,"numPendingTestSuites":0,"numTotalTests":2,"numPassedTests":2,"numFailedTests":0,"numPendingTests":0,"numTodoTests":0,"snapshot":{"added":0,"failure":false,"filesAdded":0,"filesRemoved":0,"filesRemovedList":[],"filesUnmatched":0,"filesUpdated":0,"matched":0,"total":0,"unchecked":0,"uncheckedKeysByFile":[],"unmatched":0,"updated":0,"didUpdate":false},"startTime":1776603266918,"success":true,"testResults":[{"assertionResults":[{"ancestorTitles":["ResetPasswordPage"],"fullName":"ResetPasswordPage submits the reset token and navigates to login on success","status":"passed","title":"submits the reset token and navigates to login on success","duration":1276.8717000000001,"failureMessages":[],"meta":{}},{"ancestorTitles":["ResetPasswordPage"],"fullName":"ResetPasswordPage shows an error message when reset verification fails","status":"passed","title":"shows an error message when reset verification fails","duration":27.702499999999873,"failureMessages":[],"meta":{}}],"startTime":1776603267973,"endTime":1776603269277.7024,"status":"passed","message":"","name":"C:/Users/STYLSG/Downloads/VerdictCouncil/VerdictCouncil_Frontend/src/__tests__/ResetPasswordPage.test.jsx"}]}