{"numTotalTestSuites":31,"numPassedTestSuites":31,"numFailedTestSuites":0,"numPendingTestSuites":0,"numTotalTests":99,"numPassedTests":99,"numFailedTests":0,"numPendingTests":0,"numTodoTests":0,"snapshot":{"added":0,"failure":false,"filesAdded":0,"filesRemoved":0,"filesRemovedList":[],"filesUnmatched":0,"filesUpdated":0,"matched":0,"total":0,"unchecked":0,"uncheckedKeysByFile":[],"unmatched":0,"updated":0,"didUpdate":false},"startTime":1776603279760,"success":true,"testResults":[{"assertionResults":[{"ancestorTitles":["API module"],"fullName":"API module builds APIError and error messages correctly","status":"passed","title":"builds APIError and error messages correctly","duration":71.49759999999992,"failureMessages":[],"meta":{}},{"ancestorTitles":["API module"],"fullName":"API module constructs correct login URL","status":"passed","title":"constructs correct login URL","duration":6.300099999999929,"failureMessages":[],"meta":{}},{"ancestorTitles":["API module"],"fullName":"API module constructs correct cases list URL","status":"passed","title":"constructs correct cases list URL","duration":4.456699999999955,"failureMessages":[],"meta":{}},{"ancestorTitles":["API module"],"fullName":"API module constructs correct dashboard stats URL","status":"passed","title":"constructs correct dashboard stats URL","duration":2.279399999999896,"failureMessages":[],"meta":{}},{"ancestorTitles":["API module"],"fullName":"API module constructs correct knowledge base URL","status":"passed","title":"constructs correct knowledge base URL","duration":6.0815000000000055,"failureMessages":[],"meta":{}},{"ancestorTitles":["API module"],"fullName":"API module throws an APIError on network failures","status":"passed","title":"throws an APIError on network failures","duration":10.471000000000004,"failureMessages":[],"meta":{}},{"ancestorTitles":["API module"],"fullName":"API module does not redirect during suppressed 401 session bootstrap","status":"passed","title":"does not redirect during suppressed 401 session bootstrap","duration":3.533700000000181,"failureMessages":[],"meta":{}},{"ancestorTitles":["API module"],"fullName":"API module falls back to /auth/me when /auth/session is unavailable","status":"passed","title":"falls back to /auth/me when /auth/session is unavailable","duration":3.3527999999998883,"failureMessages":[],"meta":{}},{"ancestorTitles":["API module"],"fullName":"API module falls back to getSession when session extension endpoint is unavailable","status":"passed","title":"falls back to getSession when session extension endpoint is unavailable","duration":3.7467000000001462,"failureMessages":[],"meta":{}},{"ancestorTitles":["API module"],"fullName":"API module normalizes decision payloads for backend compatibility","status":"passed","title":"normalizes decision payloads for backend compatibility","duration":4.0289000000000215,"failureMessages":[],"meta":{}},{"ancestorTitles":["API module"],"fullName":"API module constructs correct escalated cases URL","status":"passed","title":"constructs correct escalated cases URL","duration":2.8787999999999556,"failureMessages":[],"meta":{}},{"ancestorTitles":["API module"],"fullName":"API module posts backend-compatible escalated case actions","status":"passed","title":"posts backend-compatible escalated case actions","duration":3.3092999999998938,"failureMessages":[],"meta":{}},{"ancestorTitles":["API module"],"fullName":"API module constructs all newly implemented phase5 contract URLs","status":"passed","title":"constructs all newly implemented phase5 contract URLs","duration":4.6556000000000495,"failureMessages":[],"meta":{}},{"ancestorTitles":["API module"],"fullName":"API module creates an EventSource for pipeline streaming","status":"passed","title":"creates an EventSource for pipeline streaming","duration":6.368600000000015,"failureMessages":[],"meta":{}},{"ancestorTitles":["API module"],"fullName":"API module uploads knowledge base files and reports progress through XMLHttpRequest","status":"passed","title":"uploads knowledge base files and reports progress through XMLHttpRequest","duration":5.565299999999979,"failureMessages":[],"meta":{}}],"startTime":1776603281474,"endTime":1776603281612.5652,"status":"passed","message":"","name":"C:/Users/STYLSG/Downloads/VerdictCouncil/VerdictCouncil_Frontend/src/__tests__/api.test.js"},{"assertionResults":[{"ancestorTitles":["App"],"fullName":"App renders without crashing","status":"passed","title":"renders without crashing","duration":48.33609999999999,"failureMessages":[],"meta":{}},{"ancestorTitles":["App"],"fullName":"App redirects to login when not authenticated","status":"passed","title":"redirects to login when not authenticated","duration":5.292300000000068,"failureMessages":[],"meta":{}}],"startTime":1776603281838,"endTime":1776603281891.2922,"status":"passed","message":"","name":"C:/Users/STYLSG/Downloads/VerdictCouncil/VerdictCouncil_Frontend/src/__tests__/App.test.jsx"},{"assertionResults":[{"ancestorTitles":["AuthContentGate"],"fullName":"AuthContentGate shows a loading state while auth is unresolved","status":"passed","title":"shows a loading state while auth is unresolved","duration":28.466700000000174,"failureMessages":[],"meta":{}},{"ancestorTitles":["AuthContentGate"],"fullName":"AuthContentGate shows a login prompt when auth is resolved and user is not authenticated","status":"passed","title":"shows a login prompt when auth is resolved and user is not authenticated","duration":2.4746999999999844,"failureMessages":[],"meta":{}},{"ancestorTitles":["AuthContentGate"],"fullName":"AuthContentGate renders children when authenticated","status":"passed","title":"renders children when authenticated","duration":1.8351999999999862,"failureMessages":[],"meta":{}}],"startTime":1776603281697,"endTime":1776603281729.8352,"status":"passed","message":"","name":"C:/Users/STYLSG/Downloads/VerdictCouncil/VerdictCouncil_Frontend/src/__tests__/AuthContentGate.test.jsx"},{"assertionResults":[{"ancestorTitles":["AuthProvider"],"fullName":"AuthProvider clears session cleanly when bootstrap receives 401","status":"passed","title":"clears session cleanly when bootstrap receives 401","duration":80.39850000000001,"failureMessages":[],"meta":{}},{"ancestorTitles":["AuthProvider"],"fullName":"AuthProvider bootstraps authenticated user from current backend session shape","status":"passed","title":"bootstraps authenticated user from current backend session shape","duration":17.9703999999997,"failureMessages":[],"meta":{}},{"ancestorTitles":["AuthProvider"],"fullName":"AuthProvider refreshes session after login when login response only sets cookies","status":"passed","title":"refreshes session after login when login response only sets cookies","duration":115.38220000000001,"failureMessages":[],"meta":{}}],"startTime":1776603281846,"endTime":1776603282059.382,"status":"passed","message":"","name":"C:/Users/STYLSG/Downloads/VerdictCouncil/VerdictCouncil_Frontend/src/__tests__/AuthContext.test.jsx"},{"assertionResults":[{"ancestorTitles":["EscalatedCases — remote action UI"],"fullName":"EscalatedCases — remote action UI loads and displays remote escalation items from the API","status":"passed","title":"loads and displays remote escalation items from the API","duration":118.44100000000026,"failureMessages":[],"meta":{}},{"ancestorTitles":["EscalatedCases — remote action UI"],"fullName":"EscalatedCases — remote action UI shows an empty state when no items match filters","status":"passed","title":"shows an empty state when no items match filters","duration":12.949500000000171,"failureMessages":[],"meta":{}},{"ancestorTitles":["EscalatedCases — remote action UI"],"fullName":"EscalatedCases — remote action UI merges remote items with local-only workflow items","status":"passed","title":"merges remote items with local-only workflow items","duration":22.86949999999979,"failureMessages":[],"meta":{}},{"ancestorTitles":["EscalatedCases — remote action UI"],"fullName":"EscalatedCases — remote action UI filters items by type","status":"passed","title":"filters items by type","duration":131.35150000000021,"failureMessages":[],"meta":{}},{"ancestorTitles":["EscalatedCases — remote action UI"],"fullName":"EscalatedCases — remote action UI filters items by status","status":"passed","title":"filters items by status","duration":46.32539999999972,"failureMessages":[],"meta":{}},{"ancestorTitles":["EscalatedCases — remote action UI"],"fullName":"EscalatedCases — remote action UI shows error toast when loading escalated cases fails","status":"passed","title":"shows error toast when loading escalated cases fails","duration":18.218900000000303,"failureMessages":[],"meta":{}},{"ancestorTitles":["EscalatedCases — remote action UI"],"fullName":"EscalatedCases — remote action UI shows local-only disclaimer when local items exist","status":"passed","title":"shows local-only disclaimer when local items exist","duration":17.96979999999985,"failureMessages":[],"meta":{}},{"ancestorTitles":["SeniorJudgeInbox — remote action UI"],"fullName":"SeniorJudgeInbox — remote action UI loads inbox items and renders the sidebar list","status":"passed","title":"loads inbox items and renders the sidebar list","duration":25.426600000000235,"failureMessages":[],"meta":{}},{"ancestorTitles":["SeniorJudgeInbox — remote action UI"],"fullName":"SeniorJudgeInbox — remote action UI displays the detail view for the selected item","status":"passed","title":"displays the detail view for the selected item","duration":14.121399999999994,"failureMessages":[],"meta":{}},{"ancestorTitles":["SeniorJudgeInbox — remote action UI"],"fullName":"SeniorJudgeInbox — remote action UI filters inbox by status","status":"passed","title":"filters inbox by status","duration":70.29160000000002,"failureMessages":[],"meta":{}},{"ancestorTitles":["SeniorJudgeInbox — remote action UI"],"fullName":"SeniorJudgeInbox — remote action UI filters inbox by item type","status":"passed","title":"filters inbox by item type","duration":73.35449999999992,"failureMessages":[],"meta":{}},{"ancestorTitles":["SeniorJudgeInbox — remote action UI"],"fullName":"SeniorJudgeInbox — remote action UI searches inbox items by text","status":"passed","title":"searches inbox items by text","duration":28.66240000000016,"failureMessages":[],"meta":{}},{"ancestorTitles":["SeniorJudgeInbox — remote action UI"],"fullName":"SeniorJudgeInbox — remote action UI shows backend item count badge","status":"passed","title":"shows backend item count badge","duration":12.951100000000224,"failureMessages":[],"meta":{}},{"ancestorTitles":["SeniorJudgeInbox — remote action UI"],"fullName":"SeniorJudgeInbox — remote action UI shows local-only disclaimer when local items exist","status":"passed","title":"shows local-only disclaimer when local items exist","duration":19.41780000000017,"failureMessages":[],"meta":{}},{"ancestorTitles":["SeniorJudgeInbox — remote action UI"],"fullName":"SeniorJudgeInbox — remote action UI shows error toast when loading inbox fails","status":"passed","title":"shows error toast when loading inbox fails","duration":8.23779999999988,"failureMessages":[],"meta":{}}],"startTime":1776603282102,"endTime":1776603282723.2378,"status":"passed","message":"","name":"C:/Users/STYLSG/Downloads/VerdictCouncil/VerdictCouncil_Frontend/src/__tests__/escalationActions.test.jsx"},{"assertionResults":[{"ancestorTitles":["escalationWorkflow"],"fullName":"escalationWorkflow creates and persists amendment and reopen requests","status":"passed","title":"creates and persists amendment and reopen requests","duration":6.250099999999975,"failureMessages":[],"meta":{}},{"ancestorTitles":["escalationWorkflow"],"fullName":"escalationWorkflow updates local workflow actions with history entries","status":"passed","title":"updates local workflow actions with history entries","duration":1.2468000000001211,"failureMessages":[],"meta":{}},{"ancestorTitles":["escalationWorkflow"],"fullName":"escalationWorkflow merges remote and local items and computes counts","status":"passed","title":"merges remote and local items and computes counts","duration":1.0650000000000546,"failureMessages":[],"meta":{}},{"ancestorTitles":["escalationWorkflow"],"fullName":"escalationWorkflow normalizes backend escalated status into pending queue state","status":"passed","title":"normalizes backend escalated status into pending queue state","duration":0.366800000000012,"failureMessages":[],"meta":{}}],"startTime":1776603281547,"endTime":1776603281556.3667,"status":"passed","message":"","name":"C:/Users/STYLSG/Downloads/VerdictCouncil/VerdictCouncil_Frontend/src/__tests__/escalationWorkflow.test.js"},{"assertionResults":[{"ancestorTitles":["ForgotPasswordPage"],"fullName":"ForgotPasswordPage submits the email and shows the backend message","status":"passed","title":"submits the email and shows the backend message","duration":203.17759999999976,"failureMessages":[],"meta":{}},{"ancestorTitles":["ForgotPasswordPage"],"fullName":"ForgotPasswordPage shows an error message when the request fails","status":"passed","title":"shows an error message when the request fails","duration":53.57629999999972,"failureMessages":[],"meta":{}}],"startTime":1776603281814,"endTime":1776603282073.5764,"status":"passed","message":"","name":"C:/Users/STYLSG/Downloads/VerdictCouncil/VerdictCouncil_Frontend/src/__tests__/ForgotPasswordPage.test.jsx"},{"assertionResults":[{"ancestorTitles":["hearingMode"],"fullName":"hearingMode starts a hearing session and stores notes","status":"passed","title":"starts a hearing session and stores notes","duration":2.9448999999999614,"failureMessages":[],"meta":{}},{"ancestorTitles":["hearingMode"],"fullName":"hearingMode queues offline notes and marks them synced","status":"passed","title":"queues offline notes and marks them synced","duration":0.5574000000001433,"failureMessages":[],"meta":{}},{"ancestorTitles":["hearingMode"],"fullName":"hearingMode locks the session and prevents further edits","status":"passed","title":"locks the session and prevents further edits","duration":0.8673000000001139,"failureMessages":[],"meta":{}}],"startTime":1776603282770,"endTime":1776603282774.8672,"status":"passed","message":"","name":"C:/Users/STYLSG/Downloads/VerdictCouncil/VerdictCouncil_Frontend/src/__tests__/hearingMode.test.js"},{"assertionResults":[{"ancestorTitles":["LoginPage"],"fullName":"LoginPage renders a restore-session state while auth is unresolved","status":"passed","title":"renders a restore-session state while auth is unresolved","duration":54.596000000000004,"failureMessages":[],"meta":{}},{"ancestorTitles":["LoginPage"],"fullName":"LoginPage submits credentials and redirects after successful login","status":"passed","title":"submits credentials and redirects after successful login","duration":188.50920000000042,"failureMessages":[],"meta":{}}],"startTime":1776603281855,"endTime":1776603282098.5093,"status":"passed","message":"","name":"C:/Users/STYLSG/Downloads/VerdictCouncil/VerdictCouncil_Frontend/src/__tests__/LoginPage.test.jsx"},{"assertionResults":[{"ancestorTitles":["pipelineStatus helpers"],"fullName":"pipelineStatus helpers normalizes backend status payloads to the shared frontend shape","status":"passed","title":"normalizes backend status payloads to the shared frontend shape","duration":2.198699999999917,"failureMessages":[],"meta":{}},{"ancestorTitles":["pipelineStatus helpers"],"fullName":"pipelineStatus helpers normalizes alternative backend field names","status":"passed","title":"normalizes alternative backend field names","duration":0.9347999999999956,"failureMessages":[],"meta":{}},{"ancestorTitles":["pipelineStatus helpers"],"fullName":"pipelineStatus helpers handles empty / missing agent arrays gracefully","status":"passed","title":"handles empty / missing agent arrays gracefully","duration":0.23880000000008295,"failureMessages":[],"meta":{}},{"ancestorTitles":["pipelineStatus helpers"],"fullName":"pipelineStatus helpers filters out agents without an id","status":"passed","title":"filters out agents without an id","duration":0.18380000000001928,"failureMessages":[],"meta":{}},{"ancestorTitles":["pipelineStatus helpers"],"fullName":"pipelineStatus helpers uses backend overall_progress_percent when provided","status":"passed","title":"uses backend overall_progress_percent when provided","duration":0.09770000000003165,"failureMessages":[],"meta":{}},{"ancestorTitles":["pipelineStatus helpers"],"fullName":"pipelineStatus helpers computes progress from agent completion when not provided","status":"passed","title":"computes progress from agent completion when not provided","duration":0.08600000000001273,"failureMessages":[],"meta":{}},{"ancestorTitles":["pipelineStatus helpers"],"fullName":"pipelineStatus helpers detects terminal pipeline status (all completed)","status":"passed","title":"detects terminal pipeline status (all completed)","duration":0.1775000000000091,"failureMessages":[],"meta":{}},{"ancestorTitles":["pipelineStatus helpers"],"fullName":"pipelineStatus helpers detects terminal pipeline status (mix of completed and failed)","status":"passed","title":"detects terminal pipeline status (mix of completed and failed)","duration":0.0905999999999949,"failureMessages":[],"meta":{}},{"ancestorTitles":["pipelineStatus helpers"],"fullName":"pipelineStatus helpers returns false when agents are still running","status":"passed","title":"returns false when agents are still running","duration":0.07989999999995234,"failureMessages":[],"meta":{}},{"ancestorTitles":["pipelineStatus helpers"],"fullName":"pipelineStatus helpers returns false for empty agents","status":"passed","title":"returns false for empty agents","duration":0.07759999999984757,"failureMessages":[],"meta":{}},{"ancestorTitles":["pipelineStatus helpers"],"fullName":"pipelineStatus helpers detects terminal overall status strings","status":"passed","title":"detects terminal overall status strings","duration":0.13580000000001746,"failureMessages":[],"meta":{}},{"ancestorTitles":["pipelineStatus helpers"],"fullName":"pipelineStatus helpers identifies demo case IDs","status":"passed","title":"identifies demo case IDs","duration":0.134900000000016,"failureMessages":[],"meta":{}},{"ancestorTitles":["pipelineStatus helpers"],"fullName":"pipelineStatus helpers creates a demo pipeline payload for demo case ids","status":"passed","title":"creates a demo pipeline payload for demo case ids","duration":0.3272999999999229,"failureMessages":[],"meta":{}},{"ancestorTitles":["pipelineStatus helpers"],"fullName":"pipelineStatus helpers returns base interval with zero errors","status":"passed","title":"returns base interval with zero errors","duration":0.08240000000000691,"failureMessages":[],"meta":{}},{"ancestorTitles":["pipelineStatus helpers"],"fullName":"pipelineStatus helpers doubles delay per error count","status":"passed","title":"doubles delay per error count","duration":0.08150000000000546,"failureMessages":[],"meta":{}},{"ancestorTitles":["pipelineStatus helpers"],"fullName":"pipelineStatus helpers caps backoff at 30 seconds","status":"passed","title":"caps backoff at 30 seconds","duration":0.05840000000011969,"failureMessages":[],"meta":{}},{"ancestorTitles":["pipelineStatus helpers"],"fullName":"pipelineStatus helpers exports MAX_POLL_ERRORS as a positive number","status":"passed","title":"exports MAX_POLL_ERRORS as a positive number","duration":0.10930000000007567,"failureMessages":[],"meta":{}},{"ancestorTitles":["pipelineStatus helpers"],"fullName":"pipelineStatus helpers getPipelinePollingInterval returns a sane default","status":"passed","title":"getPipelinePollingInterval returns a sane default","duration":0.13149999999995998,"failureMessages":[],"meta":{}},{"ancestorTitles":["pipelineStatus helpers"],"fullName":"pipelineStatus helpers defines exactly 9 agents in the pipeline order","status":"passed","title":"defines exactly 9 agents in the pipeline order","duration":0.09629999999992833,"failureMessages":[],"meta":{}}],"startTime":1776603282821,"endTime":1776603282826.1316,"status":"passed","message":"","name":"C:/Users/STYLSG/Downloads/VerdictCouncil/VerdictCouncil_Frontend/src/__tests__/pipelineStatus.test.js"},{"assertionResults":[{"ancestorTitles":["ProtectedRoute"],"fullName":"ProtectedRoute renders a loading state while auth is unresolved","status":"passed","title":"renders a loading state while auth is unresolved","duration":47.22350000000006,"failureMessages":[],"meta":{}},{"ancestorTitles":["ProtectedRoute"],"fullName":"ProtectedRoute renders element when authenticated","status":"passed","title":"renders element when authenticated","duration":9.021399999999858,"failureMessages":[],"meta":{}},{"ancestorTitles":["ProtectedRoute"],"fullName":"ProtectedRoute redirects to login when not authenticated","status":"passed","title":"redirects to login when not authenticated","duration":15.906500000000051,"failureMessages":[],"meta":{}},{"ancestorTitles":["ProtectedRoute"],"fullName":"ProtectedRoute renders access denied when role is missing","status":"passed","title":"renders access denied when role is missing","duration":10.11259999999993,"failureMessages":[],"meta":{}}],"startTime":1776603281701,"endTime":1776603281783.1125,"status":"passed","message":"","name":"C:/Users/STYLSG/Downloads/VerdictCouncil/VerdictCouncil_Frontend/src/__tests__/ProtectedRoute.test.jsx"},{"assertionResults":[{"ancestorTitles":["ResetPasswordPage"],"fullName":"ResetPasswordPage submits the reset token and navigates to login on success","status":"passed","title":"submits the reset token and navigates to login on success","duration":1458.2951999999998,"failureMessages":[],"meta":{}},{"ancestorTitles":["ResetPasswordPage"],"fullName":"ResetPasswordPage shows an error message when reset verification fails","status":"passed","title":"shows an error message when reset verification fails","duration":21.55510000000004,"failureMessages":[],"meta":{}}],"startTime":1776603281829,"endTime":1776603283309.5552,"status":"passed","message":"","name":"C:/Users/STYLSG/Downloads/VerdictCouncil/VerdictCouncil_Frontend/src/__tests__/ResetPasswordPage.test.jsx"},{"assertionResults":[{"ancestorTitles":["RootLayout"],"fullName":"RootLayout renders a restoring state while auth is unresolved and skips inbox polling","status":"passed","title":"renders a restoring state while auth is unresolved and skips inbox polling","duration":56.947599999999966,"failureMessages":[],"meta":{}},{"ancestorTitles":["RootLayout"],"fullName":"RootLayout redirects to login when auth is resolved but the user is not authenticated","status":"passed","title":"redirects to login when auth is resolved but the user is not authenticated","duration":12.206100000000333,"failureMessages":[],"meta":{}},{"ancestorTitles":["RootLayout"],"fullName":"RootLayout renders the protected shell and loads inbox counts once auth is ready","status":"passed","title":"renders the protected shell and loads inbox counts once auth is ready","duration":45.27399999999989,"failureMessages":[],"meta":{}}],"startTime":1776603281876,"endTime":1776603281991.274,"status":"passed","message":"","name":"C:/Users/STYLSG/Downloads/VerdictCouncil/VerdictCouncil_Frontend/src/__tests__/RootLayout.test.jsx"},{"assertionResults":[{"ancestorTitles":["SessionWarning"],"fullName":"SessionWarning does not render when the user is no longer authenticated","status":"passed","title":"does not render when the user is no longer authenticated","duration":36.96010000000001,"failureMessages":[],"meta":{}},{"ancestorTitles":["SessionWarning"],"fullName":"SessionWarning logs out and redirects to login from the banner action","status":"passed","title":"logs out and redirects to login from the banner action","duration":46.8257000000001,"failureMessages":[],"meta":{}},{"ancestorTitles":["SessionWarning"],"fullName":"SessionWarning redirects to login when session extension returns unauthorized","status":"passed","title":"redirects to login when session extension returns unauthorized","duration":76.48140000000012,"failureMessages":[],"meta":{}}],"startTime":1776603281715,"endTime":1776603281875.4814,"status":"passed","message":"","name":"C:/Users/STYLSG/Downloads/VerdictCouncil/VerdictCouncil_Frontend/src/__tests__/SessionWarning.test.jsx"},{"assertionResults":[{"ancestorTitles":["usePipelineStatus hook"],"fullName":"usePipelineStatus hook fetches status immediately on mount and exposes normalized data","status":"passed","title":"fetches status immediately on mount and exposes normalized data","duration":125.47270000000003,"failureMessages":[],"meta":{}},{"ancestorTitles":["usePipelineStatus hook"],"fullName":"usePipelineStatus hook returns idle state when caseId is null","status":"passed","title":"returns idle state when caseId is null","duration":3.148300000000063,"failureMessages":[],"meta":{}},{"ancestorTitles":["usePipelineStatus hook"],"fullName":"usePipelineStatus hook returns idle state when enabled is false","status":"passed","title":"returns idle state when enabled is false","duration":2.0195000000001073,"failureMessages":[],"meta":{}},{"ancestorTitles":["usePipelineStatus hook"],"fullName":"usePipelineStatus hook calls onStatus callback with each successful fetch","status":"passed","title":"calls onStatus callback with each successful fetch","duration":121.02160000000003,"failureMessages":[],"meta":{}},{"ancestorTitles":["usePipelineStatus hook"],"fullName":"usePipelineStatus hook continues polling while pipeline is non-terminal","status":"passed","title":"continues polling while pipeline is non-terminal","duration":145.73549999999977,"failureMessages":[],"meta":{}},{"ancestorTitles":["usePipelineStatus hook"],"fullName":"usePipelineStatus hook stops polling when all agents reach terminal state","status":"passed","title":"stops polling when all agents reach terminal state","duration":112.26350000000002,"failureMessages":[],"meta":{}},{"ancestorTitles":["usePipelineStatus hook"],"fullName":"usePipelineStatus hook stops polling when overall_status is \"failed\"","status":"passed","title":"stops polling when overall_status is \"failed\"","duration":130.8158000000003,"failureMessages":[],"meta":{}},{"ancestorTitles":["usePipelineStatus hook"],"fullName":"usePipelineStatus hook fires onTerminal only once even if status is re-applied","status":"passed","title":"fires onTerminal only once even if status is re-applied","duration":118.82900000000018,"failureMessages":[],"meta":{}},{"ancestorTitles":["usePipelineStatus hook"],"fullName":"usePipelineStatus hook sets error state on fetch failure and backs off","status":"passed","title":"sets error state on fetch failure and backs off","duration":127.4351999999999,"failureMessages":[],"meta":{}},{"ancestorTitles":["usePipelineStatus hook"],"fullName":"usePipelineStatus hook resets error count on a successful fetch after errors","status":"passed","title":"resets error count on a successful fetch after errors","duration":139.82209999999986,"failureMessages":[],"meta":{}},{"ancestorTitles":["usePipelineStatus hook"],"fullName":"usePipelineStatus hook uses increasing backoff delays between error retries","status":"passed","title":"uses increasing backoff delays between error retries","duration":94.86720000000014,"failureMessages":[],"meta":{}},{"ancestorTitles":["usePipelineStatus hook"],"fullName":"usePipelineStatus hook gives up after MAX_POLL_ERRORS consecutive failures","status":"passed","title":"gives up after MAX_POLL_ERRORS consecutive failures","duration":187.86950000000024,"failureMessages":[],"meta":{}},{"ancestorTitles":["usePipelineStatus hook"],"fullName":"usePipelineStatus hook retry() restarts polling after give-up","status":"passed","title":"retry() restarts polling after give-up","duration":194.82919999999967,"failureMessages":[],"meta":{}},{"ancestorTitles":["usePipelineStatus hook"],"fullName":"usePipelineStatus hook retry() is a no-op when caseId is null","status":"passed","title":"retry() is a no-op when caseId is null","duration":1.5295999999998457,"failureMessages":[],"meta":{}},{"ancestorTitles":["usePipelineStatus hook"],"fullName":"usePipelineStatus hook marks data as stale after STALE_THRESHOLD_MS without a new fetch","status":"passed","title":"marks data as stale after STALE_THRESHOLD_MS without a new fetch","duration":1.9506999999998698,"failureMessages":[],"meta":{}},{"ancestorTitles":["usePipelineStatus hook"],"fullName":"usePipelineStatus hook clears stale flag when a successful fetch arrives after stale","status":"passed","title":"clears stale flag when a successful fetch arrives after stale","duration":2.295900000000074,"failureMessages":[],"meta":{}},{"ancestorTitles":["usePipelineStatus hook"],"fullName":"usePipelineStatus hook returns demo data immediately for demo case IDs without network","status":"passed","title":"returns demo data immediately for demo case IDs without network","duration":34.815900000000056,"failureMessages":[],"meta":{}},{"ancestorTitles":["usePipelineStatus hook"],"fullName":"usePipelineStatus hook stops polling on unmount","status":"passed","title":"stops polling on unmount","duration":132.45170000000007,"failureMessages":[],"meta":{}},{"ancestorTitles":["usePipelineStatus hook"],"fullName":"usePipelineStatus hook resets state and re-fetches when caseId changes","status":"passed","title":"resets state and re-fetches when caseId changes","duration":246.5585000000001,"failureMessages":[],"meta":{}}],"startTime":1776603281690,"endTime":1776603283613.5586,"status":"passed","message":"","name":"C:/Users/STYLSG/Downloads/VerdictCouncil/VerdictCouncil_Frontend/src/__tests__/usePipelineStatus.test.jsx"}],"coverageMap":{"C:\\Users\\STYLSG\\Downloads\\VerdictCouncil\\VerdictCouncil_Frontend\\src\\components\\auth\\AuthContentGate.jsx":{"path":"C:\\Users\\STYLSG\\Downloads\\VerdictCouncil\\VerdictCouncil_Frontend\\src\\components\\auth\\AuthContentGate.jsx","all":false,"statementMap":{"0":{"start":{"line":1,"column":0},"end":{"line":1,"column":26}},"3":{"start":{"line":4,"column":0},"end":{"line":4,"column":55}},"4":{"start":{"line":5,"column":0},"end":{"line":5,"column":56}},"6":{"start":{"line":7,"column":0},"end":{"line":7,"column":24}},"7":{"start":{"line":8,"column":0},"end":{"line":8,"column":12}},"8":{"start":{"line":9,"column":0},"end":{"line":9,"column":69}},"9":{"start":{"line":10,"column":0},"end":{"line":10,"column":37}},"10":{"start":{"line":11,"column":0},"end":{"line":11,"column":58}},"11":{"start":{"line":12,"column":0},"end":{"line":12,"column":62}},"12":{"start":{"line":13,"column":0},"end":{"line":13,"column":14}},"13":{"start":{"line":14,"column":0},"end":{"line":14,"column":12}},"15":{"start":{"line":16,"column":0},"end":{"line":16,"column":3}},"17":{"start":{"line":18,"column":0},"end":{"line":18,"column":25}},"18":{"start":{"line":19,"column":0},"end":{"line":19,"column":87}},"19":{"start":{"line":20,"column":0},"end":{"line":20,"column":3}},"21":{"start":{"line":22,"column":0},"end":{"line":22,"column":18}},"22":{"start":{"line":23,"column":0},"end":{"line":23,"column":1}}},"s":{"0":1,"3":3,"4":3,"6":3,"7":1,"8":1,"9":1,"10":1,"11":1,"12":1,"13":1,"15":1,"17":3,"18":1,"19":1,"21":1,"22":1},"branchMap":{"0":{"type":"branch","line":4,"loc":{"start":{"line":4,"column":0},"end":{"line":23,"column":1}},"locations":[{"start":{"line":4,"column":0},"end":{"line":23,"column":1}}]},"1":{"type":"branch","line":7,"loc":{"start":{"line":7,"column":23},"end":{"line":16,"column":3}},"locations":[{"start":{"line":7,"column":23},"end":{"line":16,"column":3}}]},"2":{"type":"branch","line":16,"loc":{"start":{"line":16,"column":2},"end":{"line":18,"column":24}},"locations":[{"start":{"line":16,"column":2},"end":{"line":18,"column":24}}]},"3":{"type":"branch","line":18,"loc":{"start":{"line":18,"column":24},"end":{"line":23,"column":1}},"locations":[{"start":{"line":18,"column":24},"end":{"line":23,"column":1}}]}},"b":{"0":[3],"1":[1],"2":[2],"3":[1]},"fnMap":{"0":{"name":"AuthContentGate","decl":{"start":{"line":4,"column":0},"end":{"line":23,"column":1}},"loc":{"start":{"line":4,"column":0},"end":{"line":23,"column":1}},"line":4}},"f":{"0":3}},"C:\\Users\\STYLSG\\Downloads\\VerdictCouncil\\VerdictCouncil_Frontend\\src\\components\\auth\\ProtectedRoute.jsx":{"path":"C:\\Users\\STYLSG\\Downloads\\VerdictCouncil\\VerdictCouncil_Frontend\\src\\components\\auth\\ProtectedRoute.jsx","all":false,"statementMap":{"0":{"start":{"line":1,"column":0},"end":{"line":1,"column":26}},"4":{"start":{"line":5,"column":0},"end":{"line":5,"column":86}},"5":{"start":{"line":6,"column":0},"end":{"line":6,"column":10}},"6":{"start":{"line":7,"column":0},"end":{"line":7,"column":65}},"7":{"start":{"line":8,"column":0},"end":{"line":8,"column":78}},"8":{"start":{"line":9,"column":0},"end":{"line":9,"column":48}},"9":{"start":{"line":10,"column":0},"end":{"line":10,"column":10}},"11":{"start":{"line":12,"column":0},"end":{"line":12,"column":1}},"13":{"start":{"line":14,"column":0},"end":{"line":14,"column":40}},"14":{"start":{"line":15,"column":0},"end":{"line":15,"column":10}},"15":{"start":{"line":16,"column":0},"end":{"line":16,"column":22}},"16":{"start":{"line":17,"column":0},"end":{"line":17,"column":29}},"17":{"start":{"line":18,"column":0},"end":{"line":18,"column":4}},"18":{"start":{"line":19,"column":0},"end":{"line":19,"column":33}},"19":{"start":{"line":20,"column":0},"end":{"line":20,"column":68}},"21":{"start":{"line":22,"column":0},"end":{"line":22,"column":24}},"22":{"start":{"line":23,"column":0},"end":{"line":23,"column":12}},"23":{"start":{"line":24,"column":0},"end":{"line":24,"column":69}},"24":{"start":{"line":25,"column":0},"end":{"line":25,"column":37}},"25":{"start":{"line":26,"column":0},"end":{"line":26,"column":58}},"26":{"start":{"line":27,"column":0},"end":{"line":27,"column":62}},"27":{"start":{"line":28,"column":0},"end":{"line":28,"column":14}},"28":{"start":{"line":29,"column":0},"end":{"line":29,"column":12}},"30":{"start":{"line":31,"column":0},"end":{"line":31,"column":3}},"32":{"start":{"line":33,"column":0},"end":{"line":33,"column":25}},"33":{"start":{"line":34,"column":0},"end":{"line":34,"column":71}},"34":{"start":{"line":35,"column":0},"end":{"line":35,"column":3}},"36":{"start":{"line":37,"column":0},"end":{"line":37,"column":58}},"37":{"start":{"line":38,"column":0},"end":{"line":38,"column":51}},"38":{"start":{"line":39,"column":0},"end":{"line":39,"column":3}},"40":{"start":{"line":41,"column":0},"end":{"line":41,"column":17}},"41":{"start":{"line":42,"column":0},"end":{"line":42,"column":1}}},"s":{"0":1,"4":1,"5":1,"6":1,"7":1,"8":1,"9":1,"11":1,"13":4,"14":4,"15":4,"16":4,"17":4,"18":4,"19":4,"21":4,"22":1,"23":1,"24":1,"25":1,"26":1,"27":1,"28":1,"30":1,"32":4,"33":1,"34":1,"36":4,"37":1,"38":1,"40":1,"41":1},"branchMap":{"0":{"type":"branch","line":5,"loc":{"start":{"line":5,"column":0},"end":{"line":12,"column":1}},"locations":[{"start":{"line":5,"column":0},"end":{"line":12,"column":1}}]},"1":{"type":"branch","line":14,"loc":{"start":{"line":14,"column":0},"end":{"line":42,"column":1}},"locations":[{"start":{"line":14,"column":0},"end":{"line":42,"column":1}}]},"2":{"type":"branch","line":22,"loc":{"start":{"line":22,"column":23},"end":{"line":31,"column":3}},"locations":[{"start":{"line":22,"column":23},"end":{"line":31,"column":3}}]},"3":{"type":"branch","line":31,"loc":{"start":{"line":31,"column":2},"end":{"line":33,"column":24}},"locations":[{"start":{"line":31,"column":2},"end":{"line":33,"column":24}}]},"4":{"type":"branch","line":33,"loc":{"start":{"line":33,"column":24},"end":{"line":35,"column":3}},"locations":[{"start":{"line":33,"column":24},"end":{"line":35,"column":3}}]},"5":{"type":"branch","line":35,"loc":{"start":{"line":35,"column":2},"end":{"line":37,"column":20}},"locations":[{"start":{"line":35,"column":2},"end":{"line":37,"column":20}}]},"6":{"type":"branch","line":37,"loc":{"start":{"line":37,"column":6},"end":{"line":37,"column":30}},"locations":[{"start":{"line":37,"column":6},"end":{"line":37,"column":30}}]},"7":{"type":"branch","line":37,"loc":{"start":{"line":37,"column":20},"end":{"line":37,"column":57}},"locations":[{"start":{"line":37,"column":20},"end":{"line":37,"column":57}}]},"8":{"type":"branch","line":37,"loc":{"start":{"line":37,"column":57},"end":{"line":42,"column":1}},"locations":[{"start":{"line":37,"column":57},"end":{"line":42,"column":1}}]}},"b":{"0":[1],"1":[4],"2":[1],"3":[3],"4":[1],"5":[2],"6":[1],"7":[1],"8":[1]},"fnMap":{"0":{"name":"AccessDenied","decl":{"start":{"line":5,"column":0},"end":{"line":12,"column":1}},"loc":{"start":{"line":5,"column":0},"end":{"line":12,"column":1}},"line":5},"1":{"name":"ProtectedRoute","decl":{"start":{"line":14,"column":0},"end":{"line":42,"column":1}},"loc":{"start":{"line":14,"column":0},"end":{"line":42,"column":1}},"line":14}},"f":{"0":1,"1":4}},"C:\\Users\\STYLSG\\Downloads\\VerdictCouncil\\VerdictCouncil_Frontend\\src\\components\\escalation\\CaseContextSection.jsx":{"path":"C:\\Users\\STYLSG\\Downloads\\VerdictCouncil\\VerdictCouncil_Frontend\\src\\components\\escalation\\CaseContextSection.jsx","all":false,"statementMap":{"0":{"start":{"line":1,"column":0},"end":{"line":1,"column":51}},"4":{"start":{"line":5,"column":0},"end":{"line":5,"column":56}},"5":{"start":{"line":6,"column":0},"end":{"line":6,"column":41}},"6":{"start":{"line":7,"column":0},"end":{"line":7,"column":47}},"8":{"start":{"line":9,"column":0},"end":{"line":9,"column":19}},"9":{"start":{"line":10,"column":0},"end":{"line":10,"column":38}},"10":{"start":{"line":11,"column":0},"end":{"line":11,"column":50}},"11":{"start":{"line":12,"column":0},"end":{"line":12,"column":11}},"12":{"start":{"line":13,"column":0},"end":{"line":13,"column":25}},"14":{"start":{"line":15,"column":0},"end":{"line":15,"column":52}},"15":{"start":{"line":16,"column":0},"end":{"line":16,"column":47}},"17":{"start":{"line":18,"column":0},"end":{"line":18,"column":17}},"18":{"start":{"line":19,"column":0},"end":{"line":19,"column":83}},"19":{"start":{"line":20,"column":0},"end":{"line":20,"column":59}},"20":{"start":{"line":21,"column":0},"end":{"line":21,"column":61}},"21":{"start":{"line":22,"column":0},"end":{"line":22,"column":33}},"22":{"start":{"line":23,"column":0},"end":{"line":23,"column":33}},"23":{"start":{"line":24,"column":0},"end":{"line":24,"column":11}},"24":{"start":{"line":25,"column":0},"end":{"line":25,"column":21}},"25":{"start":{"line":26,"column":0},"end":{"line":26,"column":59}},"26":{"start":{"line":27,"column":0},"end":{"line":27,"column":17}},"27":{"start":{"line":28,"column":0},"end":{"line":28,"column":26}},"28":{"start":{"line":29,"column":0},"end":{"line":29,"column":7}},"29":{"start":{"line":30,"column":0},"end":{"line":30,"column":6}},"31":{"start":{"line":32,"column":0},"end":{"line":32,"column":19}},"32":{"start":{"line":33,"column":0},"end":{"line":33,"column":15}},"34":{"start":{"line":35,"column":0},"end":{"line":35,"column":16}},"35":{"start":{"line":36,"column":0},"end":{"line":36,"column":12}},"36":{"start":{"line":37,"column":0},"end":{"line":37,"column":101}},"37":{"start":{"line":38,"column":0},"end":{"line":38,"column":66}},"38":{"start":{"line":39,"column":0},"end":{"line":39,"column":47}},"39":{"start":{"line":40,"column":0},"end":{"line":40,"column":57}},"40":{"start":{"line":41,"column":0},"end":{"line":41,"column":50}},"41":{"start":{"line":42,"column":0},"end":{"line":42,"column":70}},"42":{"start":{"line":43,"column":0},"end":{"line":43,"column":70}},"43":{"start":{"line":44,"column":0},"end":{"line":44,"column":16}},"44":{"start":{"line":45,"column":0},"end":{"line":45,"column":14}},"45":{"start":{"line":46,"column":0},"end":{"line":46,"column":12}},"47":{"start":{"line":48,"column":0},"end":{"line":48,"column":3}},"49":{"start":{"line":50,"column":0},"end":{"line":50,"column":25}},"51":{"start":{"line":52,"column":0},"end":{"line":52,"column":10}},"52":{"start":{"line":53,"column":0},"end":{"line":53,"column":141}},"53":{"start":{"line":54,"column":0},"end":{"line":54,"column":62}},"54":{"start":{"line":55,"column":0},"end":{"line":55,"column":112}},"55":{"start":{"line":56,"column":0},"end":{"line":56,"column":61}},"57":{"start":{"line":58,"column":0},"end":{"line":58,"column":13}},"58":{"start":{"line":59,"column":0},"end":{"line":59,"column":107}},"59":{"start":{"line":60,"column":0},"end":{"line":60,"column":12}},"61":{"start":{"line":62,"column":0},"end":{"line":62,"column":61}},"62":{"start":{"line":63,"column":0},"end":{"line":63,"column":98}},"63":{"start":{"line":64,"column":0},"end":{"line":64,"column":69}},"64":{"start":{"line":65,"column":0},"end":{"line":65,"column":45}},"65":{"start":{"line":66,"column":0},"end":{"line":66,"column":92}},"66":{"start":{"line":67,"column":0},"end":{"line":67,"column":16}},"67":{"start":{"line":68,"column":0},"end":{"line":68,"column":62}},"68":{"start":{"line":69,"column":0},"end":{"line":69,"column":75}},"69":{"start":{"line":70,"column":0},"end":{"line":70,"column":16}},"70":{"start":{"line":71,"column":0},"end":{"line":71,"column":14}},"72":{"start":{"line":73,"column":0},"end":{"line":73,"column":96}},"73":{"start":{"line":74,"column":0},"end":{"line":74,"column":68}},"74":{"start":{"line":75,"column":0},"end":{"line":75,"column":53}},"75":{"start":{"line":76,"column":0},"end":{"line":76,"column":88}},"76":{"start":{"line":77,"column":0},"end":{"line":77,"column":16}},"77":{"start":{"line":78,"column":0},"end":{"line":78,"column":61}},"78":{"start":{"line":79,"column":0},"end":{"line":79,"column":31}},"79":{"start":{"line":80,"column":0},"end":{"line":80,"column":16}},"80":{"start":{"line":81,"column":0},"end":{"line":81,"column":14}},"82":{"start":{"line":83,"column":0},"end":{"line":83,"column":119}},"83":{"start":{"line":84,"column":0},"end":{"line":84,"column":67}},"84":{"start":{"line":85,"column":0},"end":{"line":85,"column":51}},"85":{"start":{"line":86,"column":0},"end":{"line":86,"column":92}},"86":{"start":{"line":87,"column":0},"end":{"line":87,"column":16}},"87":{"start":{"line":88,"column":0},"end":{"line":88,"column":60}},"88":{"start":{"line":89,"column":0},"end":{"line":89,"column":32}},"89":{"start":{"line":90,"column":0},"end":{"line":90,"column":16}},"90":{"start":{"line":91,"column":0},"end":{"line":91,"column":14}},"91":{"start":{"line":92,"column":0},"end":{"line":92,"column":12}},"93":{"start":{"line":94,"column":0},"end":{"line":94,"column":97}},"94":{"start":{"line":95,"column":0},"end":{"line":95,"column":49}},"95":{"start":{"line":96,"column":0},"end":{"line":96,"column":103}},"96":{"start":{"line":97,"column":0},"end":{"line":97,"column":94}},"97":{"start":{"line":98,"column":0},"end":{"line":98,"column":14}},"98":{"start":{"line":99,"column":0},"end":{"line":99,"column":16}},"99":{"start":{"line":100,"column":0},"end":{"line":100,"column":122}},"100":{"start":{"line":101,"column":0},"end":{"line":101,"column":68}},"101":{"start":{"line":102,"column":0},"end":{"line":102,"column":9}},"103":{"start":{"line":104,"column":0},"end":{"line":104,"column":17}},"104":{"start":{"line":105,"column":0},"end":{"line":105,"column":12}},"105":{"start":{"line":106,"column":0},"end":{"line":106,"column":10}},"107":{"start":{"line":108,"column":0},"end":{"line":108,"column":1}}},"s":{"0":1,"4":26,"5":26,"6":26,"8":26,"9":8,"10":8,"11":8,"12":8,"14":8,"15":8,"17":8,"18":8,"19":8,"20":8,"21":8,"22":8,"23":8,"24":8,"25":0,"26":8,"27":8,"28":8,"29":8,"31":8,"32":26,"34":26,"35":8,"36":8,"37":8,"38":8,"39":8,"40":8,"41":8,"42":8,"43":8,"44":8,"45":8,"47":8,"49":26,"51":18,"52":18,"53":18,"54":18,"55":18,"57":18,"58":18,"59":18,"61":18,"62":18,"63":18,"64":18,"65":18,"66":18,"67":18,"68":26,"69":26,"70":26,"72":26,"73":26,"74":26,"75":26,"76":26,"77":26,"78":26,"79":26,"80":26,"82":26,"83":26,"84":26,"85":26,"86":26,"87":26,"88":26,"89":26,"90":26,"91":26,"93":26,"94":26,"95":26,"96":26,"97":26,"98":26,"99":26,"100":26,"101":26,"103":26,"104":26,"105":26,"107":26},"branchMap":{"0":{"type":"branch","line":5,"loc":{"start":{"line":5,"column":0},"end":{"line":108,"column":1}},"locations":[{"start":{"line":5,"column":0},"end":{"line":108,"column":1}}]},"1":{"type":"branch","line":35,"loc":{"start":{"line":35,"column":15},"end":{"line":48,"column":3}},"locations":[{"start":{"line":35,"column":15},"end":{"line":48,"column":3}}]},"2":{"type":"branch","line":48,"loc":{"start":{"line":48,"column":2},"end":{"line":50,"column":20}},"locations":[{"start":{"line":48,"column":2},"end":{"line":50,"column":20}}]},"3":{"type":"branch","line":50,"loc":{"start":{"line":50,"column":13},"end":{"line":50,"column":25}},"locations":[{"start":{"line":50,"column":13},"end":{"line":50,"column":25}}]},"4":{"type":"branch","line":50,"loc":{"start":{"line":50,"column":20},"end":{"line":69,"column":43}},"locations":[{"start":{"line":50,"column":20},"end":{"line":69,"column":43}}]},"5":{"type":"branch","line":69,"loc":{"start":{"line":69,"column":36},"end":{"line":69,"column":70}},"locations":[{"start":{"line":69,"column":36},"end":{"line":69,"column":70}}]},"6":{"type":"branch","line":69,"loc":{"start":{"line":69,"column":64},"end":{"line":69,"column":75}},"locations":[{"start":{"line":69,"column":64},"end":{"line":69,"column":75}}]},"7":{"type":"branch","line":9,"loc":{"start":{"line":9,"column":12},"end":{"line":33,"column":5}},"locations":[{"start":{"line":9,"column":12},"end":{"line":33,"column":5}}]},"8":{"type":"branch","line":10,"loc":{"start":{"line":10,"column":25},"end":{"line":30,"column":6}},"locations":[{"start":{"line":10,"column":25},"end":{"line":30,"column":6}}]},"9":{"type":"branch","line":11,"loc":{"start":{"line":11,"column":43},"end":{"line":11,"column":50}},"locations":[{"start":{"line":11,"column":43},"end":{"line":11,"column":50}}]},"10":{"type":"branch","line":16,"loc":{"start":{"line":16,"column":37},"end":{"line":16,"column":47}},"locations":[{"start":{"line":16,"column":37},"end":{"line":16,"column":47}}]},"11":{"type":"branch","line":19,"loc":{"start":{"line":19,"column":59},"end":{"line":19,"column":78}},"locations":[{"start":{"line":19,"column":59},"end":{"line":19,"column":78}}]},"12":{"type":"branch","line":20,"loc":{"start":{"line":20,"column":32},"end":{"line":20,"column":57}},"locations":[{"start":{"line":20,"column":32},"end":{"line":20,"column":57}}]},"13":{"type":"branch","line":21,"loc":{"start":{"line":21,"column":33},"end":{"line":21,"column":59}},"locations":[{"start":{"line":21,"column":33},"end":{"line":21,"column":59}}]},"14":{"type":"branch","line":25,"loc":{"start":{"line":25,"column":6},"end":{"line":27,"column":8}},"locations":[{"start":{"line":25,"column":6},"end":{"line":27,"column":8}}]}},"b":{"0":[26],"1":[8],"2":[18],"3":[0],"4":[18],"5":[0],"6":[18],"7":[8],"8":[8],"9":[0],"10":[0],"11":[0],"12":[0],"13":[0],"14":[0]},"fnMap":{"0":{"name":"CaseContextSection","decl":{"start":{"line":5,"column":0},"end":{"line":108,"column":1}},"loc":{"start":{"line":5,"column":0},"end":{"line":108,"column":1}},"line":5},"1":{"name":"fetchMinimal","decl":{"start":{"line":10,"column":25},"end":{"line":30,"column":6}},"loc":{"start":{"line":10,"column":25},"end":{"line":30,"column":6}},"line":10},"2":{"name":"onClick","decl":{"start":{"line":101,"column":20},"end":{"line":101,"column":68}},"loc":{"start":{"line":101,"column":20},"end":{"line":101,"column":68}},"line":101}},"f":{"0":26,"1":8,"2":0}},"C:\\Users\\STYLSG\\Downloads\\VerdictCouncil\\VerdictCouncil_Frontend\\src\\components\\escalation\\EscalationDetailView.jsx":{"path":"C:\\Users\\STYLSG\\Downloads\\VerdictCouncil\\VerdictCouncil_Frontend\\src\\components\\escalation\\EscalationDetailView.jsx","all":false,"statementMap":{"0":{"start":{"line":1,"column":0},"end":{"line":1,"column":40}},"15":{"start":{"line":16,"column":0},"end":{"line":16,"column":14}},"16":{"start":{"line":17,"column":0},"end":{"line":17,"column":54}},"17":{"start":{"line":18,"column":0},"end":{"line":18,"column":60}},"18":{"start":{"line":19,"column":0},"end":{"line":19,"column":2}},"20":{"start":{"line":21,"column":0},"end":{"line":21,"column":46}},"21":{"start":{"line":22,"column":0},"end":{"line":22,"column":7}},"22":{"start":{"line":23,"column":0},"end":{"line":23,"column":11}},"23":{"start":{"line":24,"column":0},"end":{"line":24,"column":21}},"24":{"start":{"line":25,"column":0},"end":{"line":25,"column":4}},"25":{"start":{"line":26,"column":0},"end":{"line":26,"column":56}},"26":{"start":{"line":27,"column":0},"end":{"line":27,"column":43}},"27":{"start":{"line":28,"column":0},"end":{"line":28,"column":47}},"28":{"start":{"line":29,"column":0},"end":{"line":29,"column":51}},"30":{"start":{"line":31,"column":0},"end":{"line":31,"column":14}},"31":{"start":{"line":32,"column":0},"end":{"line":32,"column":12}},"32":{"start":{"line":33,"column":0},"end":{"line":33,"column":96}},"33":{"start":{"line":34,"column":0},"end":{"line":34,"column":76}},"34":{"start":{"line":35,"column":0},"end":{"line":35,"column":61}},"35":{"start":{"line":36,"column":0},"end":{"line":36,"column":14}},"36":{"start":{"line":37,"column":0},"end":{"line":37,"column":78}},"37":{"start":{"line":38,"column":0},"end":{"line":38,"column":12}},"39":{"start":{"line":40,"column":0},"end":{"line":40,"column":3}},"41":{"start":{"line":42,"column":0},"end":{"line":42,"column":46}},"42":{"start":{"line":43,"column":0},"end":{"line":43,"column":46}},"44":{"start":{"line":45,"column":0},"end":{"line":45,"column":36}},"45":{"start":{"line":46,"column":0},"end":{"line":46,"column":22}},"46":{"start":{"line":47,"column":0},"end":{"line":47,"column":13}},"47":{"start":{"line":48,"column":0},"end":{"line":48,"column":15}},"48":{"start":{"line":49,"column":0},"end":{"line":49,"column":17}},"49":{"start":{"line":50,"column":0},"end":{"line":50,"column":7}},"50":{"start":{"line":51,"column":0},"end":{"line":51,"column":18}},"51":{"start":{"line":52,"column":0},"end":{"line":52,"column":20}},"52":{"start":{"line":53,"column":0},"end":{"line":53,"column":22}},"53":{"start":{"line":54,"column":0},"end":{"line":54,"column":4}},"55":{"start":{"line":56,"column":0},"end":{"line":56,"column":10}},"56":{"start":{"line":57,"column":0},"end":{"line":57,"column":112}},"57":{"start":{"line":58,"column":0},"end":{"line":58,"column":66}},"58":{"start":{"line":59,"column":0},"end":{"line":59,"column":64}},"59":{"start":{"line":60,"column":0},"end":{"line":60,"column":37}},"60":{"start":{"line":61,"column":0},"end":{"line":61,"column":53}},"61":{"start":{"line":62,"column":0},"end":{"line":62,"column":19}},"62":{"start":{"line":63,"column":0},"end":{"line":63,"column":98}},"63":{"start":{"line":64,"column":0},"end":{"line":64,"column":49}},"64":{"start":{"line":65,"column":0},"end":{"line":65,"column":49}},"65":{"start":{"line":66,"column":0},"end":{"line":66,"column":52}},"66":{"start":{"line":67,"column":0},"end":{"line":67,"column":51}},"67":{"start":{"line":68,"column":0},"end":{"line":68,"column":55}},"68":{"start":{"line":69,"column":0},"end":{"line":69,"column":19}},"70":{"start":{"line":71,"column":0},"end":{"line":71,"column":32}},"71":{"start":{"line":72,"column":0},"end":{"line":72,"column":21}},"72":{"start":{"line":73,"column":0},"end":{"line":73,"column":19}},"73":{"start":{"line":74,"column":0},"end":{"line":74,"column":98}},"74":{"start":{"line":75,"column":0},"end":{"line":75,"column":43}},"75":{"start":{"line":76,"column":0},"end":{"line":76,"column":51}},"76":{"start":{"line":77,"column":0},"end":{"line":77,"column":48}},"77":{"start":{"line":78,"column":0},"end":{"line":78,"column":57}},"78":{"start":{"line":79,"column":0},"end":{"line":79,"column":50}},"79":{"start":{"line":80,"column":0},"end":{"line":80,"column":53}},"80":{"start":{"line":81,"column":0},"end":{"line":81,"column":57}},"81":{"start":{"line":82,"column":0},"end":{"line":82,"column":19}},"83":{"start":{"line":84,"column":0},"end":{"line":84,"column":29}},"84":{"start":{"line":85,"column":0},"end":{"line":85,"column":21}},"85":{"start":{"line":86,"column":0},"end":{"line":86,"column":31}},"86":{"start":{"line":87,"column":0},"end":{"line":87,"column":130}},"88":{"start":{"line":89,"column":0},"end":{"line":89,"column":23}},"90":{"start":{"line":91,"column":0},"end":{"line":91,"column":18}},"91":{"start":{"line":92,"column":0},"end":{"line":92,"column":94}},"92":{"start":{"line":93,"column":0},"end":{"line":93,"column":87}},"93":{"start":{"line":94,"column":0},"end":{"line":94,"column":56}},"94":{"start":{"line":95,"column":0},"end":{"line":95,"column":61}},"95":{"start":{"line":96,"column":0},"end":{"line":96,"column":21}},"96":{"start":{"line":97,"column":0},"end":{"line":97,"column":67}},"97":{"start":{"line":98,"column":0},"end":{"line":98,"column":56}},"98":{"start":{"line":99,"column":0},"end":{"line":99,"column":96}},"99":{"start":{"line":100,"column":0},"end":{"line":100,"column":21}},"100":{"start":{"line":101,"column":0},"end":{"line":101,"column":18}},"101":{"start":{"line":102,"column":0},"end":{"line":102,"column":16}},"102":{"start":{"line":103,"column":0},"end":{"line":103,"column":14}},"103":{"start":{"line":104,"column":0},"end":{"line":104,"column":107}},"104":{"start":{"line":105,"column":0},"end":{"line":105,"column":40}},"105":{"start":{"line":106,"column":0},"end":{"line":106,"column":98}},"106":{"start":{"line":107,"column":0},"end":{"line":107,"column":42}},"107":{"start":{"line":108,"column":0},"end":{"line":108,"column":65}},"108":{"start":{"line":109,"column":0},"end":{"line":109,"column":60}},"109":{"start":{"line":110,"column":0},"end":{"line":110,"column":15}},"111":{"start":{"line":112,"column":0},"end":{"line":112,"column":36}},"112":{"start":{"line":113,"column":0},"end":{"line":113,"column":16}},"113":{"start":{"line":114,"column":0},"end":{"line":114,"column":14}},"114":{"start":{"line":115,"column":0},"end":{"line":115,"column":12}},"116":{"start":{"line":117,"column":0},"end":{"line":117,"column":53}},"117":{"start":{"line":118,"column":0},"end":{"line":118,"column":28}},"118":{"start":{"line":119,"column":0},"end":{"line":119,"column":17}},"119":{"start":{"line":120,"column":0},"end":{"line":120,"column":24}},"120":{"start":{"line":121,"column":0},"end":{"line":121,"column":48}},"121":{"start":{"line":122,"column":0},"end":{"line":122,"column":130}},"122":{"start":{"line":123,"column":0},"end":{"line":123,"column":34}},"123":{"start":{"line":124,"column":0},"end":{"line":124,"column":58}},"124":{"start":{"line":125,"column":0},"end":{"line":125,"column":89}},"125":{"start":{"line":126,"column":0},"end":{"line":126,"column":15}},"127":{"start":{"line":128,"column":0},"end":{"line":128,"column":44}},"128":{"start":{"line":129,"column":0},"end":{"line":129,"column":23}},"129":{"start":{"line":130,"column":0},"end":{"line":130,"column":19}},"130":{"start":{"line":131,"column":0},"end":{"line":131,"column":11}},"131":{"start":{"line":132,"column":0},"end":{"line":132,"column":12}},"133":{"start":{"line":134,"column":0},"end":{"line":134,"column":60}},"134":{"start":{"line":135,"column":0},"end":{"line":135,"column":37}},"135":{"start":{"line":136,"column":0},"end":{"line":136,"column":12}},"136":{"start":{"line":137,"column":0},"end":{"line":137,"column":56}},"138":{"start":{"line":139,"column":0},"end":{"line":139,"column":43}},"139":{"start":{"line":140,"column":0},"end":{"line":140,"column":117}},"140":{"start":{"line":141,"column":0},"end":{"line":141,"column":44}},"142":{"start":{"line":143,"column":0},"end":{"line":143,"column":19}},"143":{"start":{"line":144,"column":0},"end":{"line":144,"column":31}},"144":{"start":{"line":145,"column":0},"end":{"line":145,"column":107}},"146":{"start":{"line":147,"column":0},"end":{"line":147,"column":22}},"148":{"start":{"line":149,"column":0},"end":{"line":149,"column":148}},"149":{"start":{"line":150,"column":0},"end":{"line":150,"column":34}},"150":{"start":{"line":151,"column":0},"end":{"line":151,"column":20}},"151":{"start":{"line":152,"column":0},"end":{"line":152,"column":50}},"152":{"start":{"line":153,"column":0},"end":{"line":153,"column":112}},"153":{"start":{"line":154,"column":0},"end":{"line":154,"column":48}},"154":{"start":{"line":155,"column":0},"end":{"line":155,"column":22}},"156":{"start":{"line":157,"column":0},"end":{"line":157,"column":22}},"158":{"start":{"line":159,"column":0},"end":{"line":159,"column":39}},"159":{"start":{"line":160,"column":0},"end":{"line":160,"column":45}},"160":{"start":{"line":161,"column":0},"end":{"line":161,"column":119}},"161":{"start":{"line":162,"column":0},"end":{"line":162,"column":52}},"163":{"start":{"line":164,"column":0},"end":{"line":164,"column":21}},"164":{"start":{"line":165,"column":0},"end":{"line":165,"column":146}},"165":{"start":{"line":166,"column":0},"end":{"line":166,"column":43}},"166":{"start":{"line":167,"column":0},"end":{"line":167,"column":22}},"167":{"start":{"line":168,"column":0},"end":{"line":168,"column":24}},"170":{"start":{"line":171,"column":0},"end":{"line":171,"column":27}},"171":{"start":{"line":172,"column":0},"end":{"line":172,"column":75}},"172":{"start":{"line":173,"column":0},"end":{"line":173,"column":95}},"174":{"start":{"line":175,"column":0},"end":{"line":175,"column":21}},"176":{"start":{"line":177,"column":0},"end":{"line":177,"column":43}},"177":{"start":{"line":178,"column":0},"end":{"line":178,"column":41}},"178":{"start":{"line":179,"column":0},"end":{"line":179,"column":119}},"179":{"start":{"line":180,"column":0},"end":{"line":180,"column":67}},"180":{"start":{"line":181,"column":0},"end":{"line":181,"column":28}},"181":{"start":{"line":182,"column":0},"end":{"line":182,"column":29}},"182":{"start":{"line":183,"column":0},"end":{"line":183,"column":36}},"183":{"start":{"line":184,"column":0},"end":{"line":184,"column":73}},"184":{"start":{"line":185,"column":0},"end":{"line":185,"column":35}},"185":{"start":{"line":186,"column":0},"end":{"line":186,"column":35}},"186":{"start":{"line":187,"column":0},"end":{"line":187,"column":77}},"187":{"start":{"line":188,"column":0},"end":{"line":188,"column":78}},"189":{"start":{"line":190,"column":0},"end":{"line":190,"column":116}},"190":{"start":{"line":191,"column":0},"end":{"line":191,"column":22}},"191":{"start":{"line":192,"column":0},"end":{"line":192,"column":24}},"193":{"start":{"line":194,"column":0},"end":{"line":194,"column":34}},"194":{"start":{"line":195,"column":0},"end":{"line":195,"column":43}},"195":{"start":{"line":196,"column":0},"end":{"line":196,"column":121}},"197":{"start":{"line":198,"column":0},"end":{"line":198,"column":30}},"198":{"start":{"line":199,"column":0},"end":{"line":199,"column":28}},"199":{"start":{"line":200,"column":0},"end":{"line":200,"column":40}},"200":{"start":{"line":201,"column":0},"end":{"line":201,"column":77}},"201":{"start":{"line":202,"column":0},"end":{"line":202,"column":63}},"202":{"start":{"line":203,"column":0},"end":{"line":203,"column":104}},"203":{"start":{"line":204,"column":0},"end":{"line":204,"column":24}},"204":{"start":{"line":205,"column":0},"end":{"line":205,"column":26}},"206":{"start":{"line":207,"column":0},"end":{"line":207,"column":43}},"207":{"start":{"line":208,"column":0},"end":{"line":208,"column":121}},"209":{"start":{"line":210,"column":0},"end":{"line":210,"column":30}},"210":{"start":{"line":211,"column":0},"end":{"line":211,"column":31}},"211":{"start":{"line":212,"column":0},"end":{"line":212,"column":42}},"212":{"start":{"line":213,"column":0},"end":{"line":213,"column":79}},"213":{"start":{"line":214,"column":0},"end":{"line":214,"column":106}},"214":{"start":{"line":215,"column":0},"end":{"line":215,"column":118}},"215":{"start":{"line":216,"column":0},"end":{"line":216,"column":24}},"216":{"start":{"line":217,"column":0},"end":{"line":217,"column":26}},"219":{"start":{"line":220,"column":0},"end":{"line":220,"column":34}},"220":{"start":{"line":221,"column":0},"end":{"line":221,"column":22}},"221":{"start":{"line":222,"column":0},"end":{"line":222,"column":82}},"222":{"start":{"line":223,"column":0},"end":{"line":223,"column":31}},"223":{"start":{"line":224,"column":0},"end":{"line":224,"column":66}},"224":{"start":{"line":225,"column":0},"end":{"line":225,"column":47}},"225":{"start":{"line":226,"column":0},"end":{"line":226,"column":221}},"227":{"start":{"line":228,"column":0},"end":{"line":228,"column":104}},"228":{"start":{"line":229,"column":0},"end":{"line":229,"column":107}},"229":{"start":{"line":230,"column":0},"end":{"line":230,"column":33}},"231":{"start":{"line":232,"column":0},"end":{"line":232,"column":31}},"232":{"start":{"line":233,"column":0},"end":{"line":233,"column":66}},"233":{"start":{"line":234,"column":0},"end":{"line":234,"column":65}},"234":{"start":{"line":235,"column":0},"end":{"line":235,"column":209}},"236":{"start":{"line":237,"column":0},"end":{"line":237,"column":100}},"237":{"start":{"line":238,"column":0},"end":{"line":238,"column":106}},"238":{"start":{"line":239,"column":0},"end":{"line":239,"column":33}},"240":{"start":{"line":241,"column":0},"end":{"line":241,"column":31}},"241":{"start":{"line":242,"column":0},"end":{"line":242,"column":72}},"242":{"start":{"line":243,"column":0},"end":{"line":243,"column":65}},"243":{"start":{"line":244,"column":0},"end":{"line":244,"column":217}},"245":{"start":{"line":246,"column":0},"end":{"line":246,"column":106}},"246":{"start":{"line":247,"column":0},"end":{"line":247,"column":108}},"247":{"start":{"line":248,"column":0},"end":{"line":248,"column":33}},"249":{"start":{"line":250,"column":0},"end":{"line":250,"column":31}},"250":{"start":{"line":251,"column":0},"end":{"line":251,"column":66}},"251":{"start":{"line":252,"column":0},"end":{"line":252,"column":67}},"252":{"start":{"line":253,"column":0},"end":{"line":253,"column":209}},"254":{"start":{"line":255,"column":0},"end":{"line":255,"column":103}},"255":{"start":{"line":256,"column":0},"end":{"line":256,"column":108}},"256":{"start":{"line":257,"column":0},"end":{"line":257,"column":33}},"257":{"start":{"line":258,"column":0},"end":{"line":258,"column":28}},"258":{"start":{"line":259,"column":0},"end":{"line":259,"column":82}},"260":{"start":{"line":261,"column":0},"end":{"line":261,"column":26}},"261":{"start":{"line":262,"column":0},"end":{"line":262,"column":23}},"263":{"start":{"line":264,"column":0},"end":{"line":264,"column":22}},"264":{"start":{"line":265,"column":0},"end":{"line":265,"column":82}},"265":{"start":{"line":266,"column":0},"end":{"line":266,"column":31}},"266":{"start":{"line":267,"column":0},"end":{"line":267,"column":67}},"267":{"start":{"line":268,"column":0},"end":{"line":268,"column":65}},"268":{"start":{"line":269,"column":0},"end":{"line":269,"column":217}},"270":{"start":{"line":271,"column":0},"end":{"line":271,"column":106}},"271":{"start":{"line":272,"column":0},"end":{"line":272,"column":109}},"272":{"start":{"line":273,"column":0},"end":{"line":273,"column":33}},"274":{"start":{"line":275,"column":0},"end":{"line":275,"column":31}},"275":{"start":{"line":276,"column":0},"end":{"line":276,"column":76}},"276":{"start":{"line":277,"column":0},"end":{"line":277,"column":47}},"277":{"start":{"line":278,"column":0},"end":{"line":278,"column":209}},"279":{"start":{"line":280,"column":0},"end":{"line":280,"column":103}},"280":{"start":{"line":281,"column":0},"end":{"line":281,"column":106}},"281":{"start":{"line":282,"column":0},"end":{"line":282,"column":33}},"283":{"start":{"line":284,"column":0},"end":{"line":284,"column":31}},"284":{"start":{"line":285,"column":0},"end":{"line":285,"column":73}},"285":{"start":{"line":286,"column":0},"end":{"line":286,"column":69}},"286":{"start":{"line":287,"column":0},"end":{"line":287,"column":221}},"288":{"start":{"line":289,"column":0},"end":{"line":289,"column":104}},"289":{"start":{"line":290,"column":0},"end":{"line":290,"column":93}},"291":{"start":{"line":292,"column":0},"end":{"line":292,"column":33}},"292":{"start":{"line":293,"column":0},"end":{"line":293,"column":33}},"294":{"start":{"line":295,"column":0},"end":{"line":295,"column":31}},"295":{"start":{"line":296,"column":0},"end":{"line":296,"column":64}},"296":{"start":{"line":297,"column":0},"end":{"line":297,"column":65}},"297":{"start":{"line":298,"column":0},"end":{"line":298,"column":209}},"299":{"start":{"line":300,"column":0},"end":{"line":300,"column":100}},"300":{"start":{"line":301,"column":0},"end":{"line":301,"column":106}},"301":{"start":{"line":302,"column":0},"end":{"line":302,"column":33}},"302":{"start":{"line":303,"column":0},"end":{"line":303,"column":28}},"303":{"start":{"line":304,"column":0},"end":{"line":304,"column":82}},"305":{"start":{"line":306,"column":0},"end":{"line":306,"column":26}},"306":{"start":{"line":307,"column":0},"end":{"line":307,"column":23}},"308":{"start":{"line":309,"column":0},"end":{"line":309,"column":22}},"309":{"start":{"line":310,"column":0},"end":{"line":310,"column":24}},"311":{"start":{"line":312,"column":0},"end":{"line":312,"column":13}},"314":{"start":{"line":315,"column":0},"end":{"line":315,"column":37}},"315":{"start":{"line":316,"column":0},"end":{"line":316,"column":37}},"316":{"start":{"line":317,"column":0},"end":{"line":317,"column":41}},"317":{"start":{"line":318,"column":0},"end":{"line":318,"column":92}},"318":{"start":{"line":319,"column":0},"end":{"line":319,"column":51}},"319":{"start":{"line":320,"column":0},"end":{"line":320,"column":59}},"320":{"start":{"line":321,"column":0},"end":{"line":321,"column":153}},"321":{"start":{"line":322,"column":0},"end":{"line":322,"column":26}},"322":{"start":{"line":323,"column":0},"end":{"line":323,"column":59}},"323":{"start":{"line":324,"column":0},"end":{"line":324,"column":103}},"324":{"start":{"line":325,"column":0},"end":{"line":325,"column":27}},"325":{"start":{"line":326,"column":0},"end":{"line":326,"column":24}},"326":{"start":{"line":327,"column":0},"end":{"line":327,"column":26}},"327":{"start":{"line":328,"column":0},"end":{"line":328,"column":47}},"328":{"start":{"line":329,"column":0},"end":{"line":329,"column":79}},"329":{"start":{"line":330,"column":0},"end":{"line":330,"column":102}},"330":{"start":{"line":331,"column":0},"end":{"line":331,"column":59}},"331":{"start":{"line":332,"column":0},"end":{"line":332,"column":28}},"332":{"start":{"line":333,"column":0},"end":{"line":333,"column":80}},"333":{"start":{"line":334,"column":0},"end":{"line":334,"column":71}},"334":{"start":{"line":335,"column":0},"end":{"line":335,"column":31}},"335":{"start":{"line":336,"column":0},"end":{"line":336,"column":28}},"336":{"start":{"line":337,"column":0},"end":{"line":337,"column":86}},"337":{"start":{"line":338,"column":0},"end":{"line":338,"column":40}},"338":{"start":{"line":339,"column":0},"end":{"line":339,"column":145}},"339":{"start":{"line":340,"column":0},"end":{"line":340,"column":40}},"340":{"start":{"line":341,"column":0},"end":{"line":341,"column":30}},"342":{"start":{"line":343,"column":0},"end":{"line":343,"column":42}},"343":{"start":{"line":344,"column":0},"end":{"line":344,"column":106}},"344":{"start":{"line":345,"column":0},"end":{"line":345,"column":61}},"345":{"start":{"line":346,"column":0},"end":{"line":346,"column":28}},"347":{"start":{"line":348,"column":0},"end":{"line":348,"column":26}},"348":{"start":{"line":349,"column":0},"end":{"line":349,"column":24}},"349":{"start":{"line":350,"column":0},"end":{"line":350,"column":19}},"350":{"start":{"line":351,"column":0},"end":{"line":351,"column":20}},"352":{"start":{"line":353,"column":0},"end":{"line":353,"column":49}},"353":{"start":{"line":354,"column":0},"end":{"line":354,"column":76}},"354":{"start":{"line":355,"column":0},"end":{"line":355,"column":65}},"356":{"start":{"line":357,"column":0},"end":{"line":357,"column":20}},"357":{"start":{"line":358,"column":0},"end":{"line":358,"column":20}},"359":{"start":{"line":360,"column":0},"end":{"line":360,"column":16}},"361":{"start":{"line":362,"column":0},"end":{"line":362,"column":12}},"363":{"start":{"line":364,"column":0},"end":{"line":364,"column":103}},"364":{"start":{"line":365,"column":0},"end":{"line":365,"column":49}},"365":{"start":{"line":366,"column":0},"end":{"line":366,"column":91}},"367":{"start":{"line":368,"column":0},"end":{"line":368,"column":17}},"368":{"start":{"line":369,"column":0},"end":{"line":369,"column":15}},"369":{"start":{"line":370,"column":0},"end":{"line":370,"column":59}},"370":{"start":{"line":371,"column":0},"end":{"line":371,"column":62}},"371":{"start":{"line":372,"column":0},"end":{"line":372,"column":15}},"373":{"start":{"line":374,"column":0},"end":{"line":374,"column":25}},"374":{"start":{"line":375,"column":0},"end":{"line":375,"column":17}},"375":{"start":{"line":376,"column":0},"end":{"line":376,"column":14}},"376":{"start":{"line":377,"column":0},"end":{"line":377,"column":49}},"377":{"start":{"line":378,"column":0},"end":{"line":378,"column":91}},"379":{"start":{"line":380,"column":0},"end":{"line":380,"column":17}},"380":{"start":{"line":381,"column":0},"end":{"line":381,"column":96}},"381":{"start":{"line":382,"column":0},"end":{"line":382,"column":14}},"382":{"start":{"line":383,"column":0},"end":{"line":383,"column":12}},"383":{"start":{"line":384,"column":0},"end":{"line":384,"column":10}},"385":{"start":{"line":386,"column":0},"end":{"line":386,"column":1}}},"s":{"0":1,"15":1,"16":1,"17":1,"18":1,"20":12,"21":12,"22":12,"23":12,"24":12,"25":12,"26":12,"27":12,"28":12,"30":12,"31":1,"32":1,"33":1,"34":1,"35":1,"36":1,"37":1,"39":1,"41":11,"42":11,"44":11,"45":0,"46":0,"47":0,"48":0,"49":0,"50":0,"51":0,"52":0,"53":0,"55":11,"56":11,"57":11,"58":11,"59":11,"60":11,"61":11,"62":11,"63":11,"64":3,"65":8,"66":2,"67":6,"68":12,"70":12,"71":12,"72":12,"73":12,"74":12,"75":9,"76":2,"77":2,"78":0,"79":0,"80":0,"81":12,"83":12,"84":12,"85":12,"86":8,"88":8,"90":12,"91":12,"92":12,"93":12,"94":12,"95":12,"96":12,"97":12,"98":12,"99":12,"100":12,"101":12,"102":12,"103":12,"104":12,"105":6,"106":5,"107":3,"108":2,"109":12,"111":12,"112":12,"113":12,"114":12,"116":12,"117":12,"118":22,"119":22,"120":22,"121":22,"122":22,"123":11,"124":11,"125":22,"127":22,"128":22,"129":22,"130":12,"131":12,"133":12,"134":12,"135":11,"136":11,"138":11,"139":11,"140":11,"142":11,"143":11,"144":8,"146":8,"148":11,"149":11,"150":11,"151":11,"152":0,"153":0,"154":0,"156":11,"158":11,"159":0,"160":0,"161":0,"163":0,"164":0,"165":0,"166":0,"167":0,"170":11,"171":9,"172":9,"174":9,"176":9,"177":9,"178":9,"179":9,"180":9,"181":9,"182":9,"183":9,"184":9,"185":9,"186":6,"187":3,"189":9,"190":9,"191":9,"193":9,"194":6,"195":6,"197":6,"198":6,"199":6,"200":6,"201":6,"202":6,"203":6,"204":6,"206":3,"207":3,"209":3,"210":3,"211":3,"212":3,"213":3,"214":3,"215":3,"216":3,"219":9,"220":6,"221":6,"222":6,"223":6,"224":6,"225":6,"227":6,"228":6,"229":6,"231":6,"232":6,"233":6,"234":6,"236":6,"237":6,"238":6,"240":6,"241":6,"242":6,"243":6,"245":6,"246":6,"247":6,"249":6,"250":6,"251":6,"252":6,"254":6,"255":6,"256":6,"257":6,"258":6,"260":6,"261":6,"263":3,"264":3,"265":3,"266":3,"267":3,"268":3,"270":3,"271":3,"272":3,"274":3,"275":3,"276":3,"277":3,"279":3,"280":3,"281":3,"283":3,"284":3,"285":3,"286":3,"288":3,"289":3,"291":3,"292":3,"294":3,"295":3,"296":3,"297":3,"299":3,"300":3,"301":3,"302":3,"303":3,"305":3,"306":3,"308":9,"309":9,"311":11,"314":12,"315":0,"316":0,"317":0,"318":0,"319":0,"320":0,"321":0,"322":0,"323":0,"324":0,"325":0,"326":0,"327":0,"328":0,"329":0,"330":0,"331":0,"332":0,"333":0,"334":0,"335":0,"336":0,"337":0,"338":0,"339":0,"340":0,"342":0,"343":0,"344":0,"345":0,"347":0,"348":0,"349":0,"350":0,"352":0,"353":0,"354":0,"356":0,"357":0,"359":0,"361":12,"363":12,"364":12,"365":12,"367":12,"368":12,"369":12,"370":12,"371":12,"373":12,"374":12,"375":12,"376":12,"377":12,"379":12,"380":12,"381":12,"382":12,"383":12,"385":12},"branchMap":{"0":{"type":"branch","line":21,"loc":{"start":{"line":21,"column":0},"end":{"line":386,"column":1}},"locations":[{"start":{"line":21,"column":0},"end":{"line":386,"column":1}}]},"1":{"type":"branch","line":31,"loc":{"start":{"line":31,"column":13},"end":{"line":40,"column":3}},"locations":[{"start":{"line":31,"column":13},"end":{"line":40,"column":3}}]},"2":{"type":"branch","line":40,"loc":{"start":{"line":40,"column":2},"end":{"line":64,"column":49}},"locations":[{"start":{"line":40,"column":2},"end":{"line":64,"column":49}}]},"3":{"type":"branch","line":64,"loc":{"start":{"line":64,"column":37},"end":{"line":65,"column":49}},"locations":[{"start":{"line":64,"column":37},"end":{"line":65,"column":49}}]},"4":{"type":"branch","line":65,"loc":{"start":{"line":65,"column":22},"end":{"line":68,"column":55}},"locations":[{"start":{"line":65,"column":22},"end":{"line":68,"column":55}}]},"5":{"type":"branch","line":66,"loc":{"start":{"line":66,"column":41},"end":{"line":67,"column":51}},"locations":[{"start":{"line":66,"column":41},"end":{"line":67,"column":51}}]},"6":{"type":"branch","line":67,"loc":{"start":{"line":67,"column":24},"end":{"line":68,"column":55}},"locations":[{"start":{"line":67,"column":24},"end":{"line":68,"column":55}}]},"7":{"type":"branch","line":75,"loc":{"start":{"line":75,"column":34},"end":{"line":76,"column":51}},"locations":[{"start":{"line":75,"column":34},"end":{"line":76,"column":51}}]},"8":{"type":"branch","line":76,"loc":{"start":{"line":76,"column":22},"end":{"line":81,"column":57}},"locations":[{"start":{"line":76,"column":22},"end":{"line":81,"column":57}}]},"9":{"type":"branch","line":78,"loc":{"start":{"line":78,"column":24},"end":{"line":81,"column":57}},"locations":[{"start":{"line":78,"column":24},"end":{"line":81,"column":57}}]},"10":{"type":"branch","line":86,"loc":{"start":{"line":86,"column":15},"end":{"line":89,"column":23}},"locations":[{"start":{"line":86,"column":15},"end":{"line":89,"column":23}}]},"11":{"type":"branch","line":105,"loc":{"start":{"line":105,"column":32},"end":{"line":106,"column":98}},"locations":[{"start":{"line":105,"column":32},"end":{"line":106,"column":98}}]},"12":{"type":"branch","line":106,"loc":{"start":{"line":106,"column":18},"end":{"line":109,"column":60}},"locations":[{"start":{"line":106,"column":18},"end":{"line":109,"column":60}}]},"13":{"type":"branch","line":107,"loc":{"start":{"line":107,"column":36},"end":{"line":108,"column":65}},"locations":[{"start":{"line":107,"column":36},"end":{"line":108,"column":65}}]},"14":{"type":"branch","line":108,"loc":{"start":{"line":108,"column":20},"end":{"line":109,"column":60}},"locations":[{"start":{"line":108,"column":20},"end":{"line":109,"column":60}}]},"15":{"type":"branch","line":135,"loc":{"start":{"line":135,"column":23},"end":{"line":312,"column":13}},"locations":[{"start":{"line":135,"column":23},"end":{"line":312,"column":13}}]},"16":{"type":"branch","line":144,"loc":{"start":{"line":144,"column":15},"end":{"line":147,"column":22}},"locations":[{"start":{"line":144,"column":15},"end":{"line":147,"column":22}}]},"17":{"type":"branch","line":152,"loc":{"start":{"line":152,"column":37},"end":{"line":155,"column":22}},"locations":[{"start":{"line":152,"column":37},"end":{"line":155,"column":22}}]},"18":{"type":"branch","line":159,"loc":{"start":{"line":159,"column":18},"end":{"line":168,"column":24}},"locations":[{"start":{"line":159,"column":18},"end":{"line":168,"column":24}}]},"19":{"type":"branch","line":171,"loc":{"start":{"line":171,"column":13},"end":{"line":310,"column":24}},"locations":[{"start":{"line":171,"column":13},"end":{"line":310,"column":24}}]},"20":{"type":"branch","line":180,"loc":{"start":{"line":180,"column":23},"end":{"line":180,"column":59}},"locations":[{"start":{"line":180,"column":23},"end":{"line":180,"column":59}}]},"21":{"type":"branch","line":180,"loc":{"start":{"line":180,"column":37},"end":{"line":180,"column":67}},"locations":[{"start":{"line":180,"column":37},"end":{"line":180,"column":67}}]},"22":{"type":"branch","line":186,"loc":{"start":{"line":186,"column":24},"end":{"line":187,"column":77}},"locations":[{"start":{"line":186,"column":24},"end":{"line":187,"column":77}}]},"23":{"type":"branch","line":187,"loc":{"start":{"line":187,"column":28},"end":{"line":188,"column":78}},"locations":[{"start":{"line":187,"column":28},"end":{"line":188,"column":78}}]},"24":{"type":"branch","line":194,"loc":{"start":{"line":194,"column":19},"end":{"line":205,"column":26}},"locations":[{"start":{"line":194,"column":19},"end":{"line":205,"column":26}}]},"25":{"type":"branch","line":205,"loc":{"start":{"line":205,"column":20},"end":{"line":217,"column":26}},"locations":[{"start":{"line":205,"column":20},"end":{"line":217,"column":26}}]},"26":{"type":"branch","line":220,"loc":{"start":{"line":220,"column":19},"end":{"line":262,"column":23}},"locations":[{"start":{"line":220,"column":19},"end":{"line":262,"column":23}}]},"27":{"type":"branch","line":262,"loc":{"start":{"line":262,"column":20},"end":{"line":307,"column":23}},"locations":[{"start":{"line":262,"column":20},"end":{"line":307,"column":23}}]},"28":{"type":"branch","line":315,"loc":{"start":{"line":315,"column":23},"end":{"line":360,"column":16}},"locations":[{"start":{"line":315,"column":23},"end":{"line":360,"column":16}}]},"29":{"type":"branch","line":371,"loc":{"start":{"line":371,"column":14},"end":{"line":371,"column":47}},"locations":[{"start":{"line":371,"column":14},"end":{"line":371,"column":47}}]},"30":{"type":"branch","line":371,"loc":{"start":{"line":371,"column":28},"end":{"line":371,"column":62}},"locations":[{"start":{"line":371,"column":28},"end":{"line":371,"column":62}}]},"31":{"type":"branch","line":118,"loc":{"start":{"line":118,"column":18},"end":{"line":130,"column":19}},"locations":[{"start":{"line":118,"column":18},"end":{"line":130,"column":19}}]},"32":{"type":"branch","line":123,"loc":{"start":{"line":123,"column":32},"end":{"line":124,"column":58}},"locations":[{"start":{"line":123,"column":32},"end":{"line":124,"column":58}}]},"33":{"type":"branch","line":124,"loc":{"start":{"line":124,"column":18},"end":{"line":125,"column":89}},"locations":[{"start":{"line":124,"column":18},"end":{"line":125,"column":89}}]}},"b":{"0":[12],"1":[1],"2":[11],"3":[3],"4":[8],"5":[2],"6":[6],"7":[9],"8":[2],"9":[0],"10":[8],"11":[6],"12":[5],"13":[3],"14":[2],"15":[11],"16":[8],"17":[0],"18":[0],"19":[9],"20":[6],"21":[3],"22":[6],"23":[3],"24":[6],"25":[3],"26":[6],"27":[3],"28":[0],"29":[8],"30":[3],"31":[22],"32":[11],"33":[11]},"fnMap":{"0":{"name":"EscalationDetailView","decl":{"start":{"line":21,"column":0},"end":{"line":386,"column":1}},"loc":{"start":{"line":21,"column":0},"end":{"line":386,"column":1}},"line":21},"1":{"name":"handleAction","decl":{"start":{"line":45,"column":23},"end":{"line":54,"column":4}},"loc":{"start":{"line":45,"column":23},"end":{"line":54,"column":4}},"line":45},"2":{"name":"onClick","decl":{"start":{"line":121,"column":21},"end":{"line":121,"column":48}},"loc":{"start":{"line":121,"column":21},"end":{"line":121,"column":48}},"line":121},"3":{"name":"onChange","decl":{"start":{"line":184,"column":32},"end":{"line":184,"column":73}},"loc":{"start":{"line":184,"column":32},"end":{"line":184,"column":73}},"line":184},"4":{"name":"onChange","decl":{"start":{"line":201,"column":34},"end":{"line":201,"column":77}},"loc":{"start":{"line":201,"column":34},"end":{"line":201,"column":77}},"line":201},"5":{"name":"onChange","decl":{"start":{"line":213,"column":34},"end":{"line":213,"column":79}},"loc":{"start":{"line":213,"column":34},"end":{"line":213,"column":79}},"line":213},"6":{"name":"onClick","decl":{"start":{"line":224,"column":35},"end":{"line":224,"column":66}},"loc":{"start":{"line":224,"column":35},"end":{"line":224,"column":66}},"line":224},"7":{"name":"onClick","decl":{"start":{"line":233,"column":35},"end":{"line":233,"column":66}},"loc":{"start":{"line":233,"column":35},"end":{"line":233,"column":66}},"line":233},"8":{"name":"onClick","decl":{"start":{"line":242,"column":35},"end":{"line":242,"column":72}},"loc":{"start":{"line":242,"column":35},"end":{"line":242,"column":72}},"line":242},"9":{"name":"onClick","decl":{"start":{"line":251,"column":35},"end"
[...]
oc":{"start":{"line":1,"column":0},"end":{"line":87,"column":-2098}},"line":1}},"f":{"0":0}},"C:\\Users\\STYLSG\\Downloads\\VerdictCouncil\\VerdictCouncil_Frontend\\src\\components\\analysis\\FairnessAuditPanel.jsx":{"path":"C:\\Users\\STYLSG\\Downloads\\VerdictCouncil\\VerdictCouncil_Frontend\\src\\components\\analysis\\FairnessAuditPanel.jsx","all":true,"statementMap":{"0":{"start":{"line":1,"column":0},"end":{"line":1,"column":26}},"3":{"start":{"line":4,"column":0},"end":{"line":4,"column":49}},"4":{"start":{"line":5,"column":0},"end":{"line":5,"column":17}},"5":{"start":{"line":6,"column":0},"end":{"line":6,"column":38}},"6":{"start":{"line":7,"column":0},"end":{"line":7,"column":47}},"7":{"start":{"line":8,"column":0},"end":{"line":8,"column":41}},"8":{"start":{"line":9,"column":0},"end":{"line":9,"column":38}},"9":{"start":{"line":10,"column":0},"end":{"line":10,"column":38}},"10":{"start":{"line":11,"column":0},"end":{"line":11,"column":44}},"11":{"start":{"line":12,"column":0},"end":{"line":12,"column":4}},"13":{"start":{"line":14,"column":0},"end":{"line":14,"column":10}},"14":{"start":{"line":15,"column":0},"end":{"line":15,"column":100}},"15":{"start":{"line":16,"column":0},"end":{"line":16,"column":16}},"16":{"start":{"line":17,"column":0},"end":{"line":17,"column":11}},"18":{"start":{"line":19,"column":0},"end":{"line":19,"column":1}},"20":{"start":{"line":21,"column":0},"end":{"line":21,"column":35}},"21":{"start":{"line":22,"column":0},"end":{"line":22,"column":23}},"22":{"start":{"line":23,"column":0},"end":{"line":23,"column":75}},"23":{"start":{"line":24,"column":0},"end":{"line":24,"column":18}},"24":{"start":{"line":25,"column":0},"end":{"line":25,"column":84}},"25":{"start":{"line":26,"column":0},"end":{"line":26,"column":2}},"27":{"start":{"line":28,"column":0},"end":{"line":28,"column":70}},"28":{"start":{"line":29,"column":0},"end":{"line":29,"column":10}},"29":{"start":{"line":30,"column":0},"end":{"line":30,"column":31}},"30":{"start":{"line":31,"column":0},"end":{"line":31,"column":31}},"31":{"start":{"line":32,"column":0},"end":{"line":32,"column":86}},"32":{"start":{"line":33,"column":0},"end":{"line":33,"column":61}},"34":{"start":{"line":35,"column":0},"end":{"line":35,"column":13}},"35":{"start":{"line":36,"column":0},"end":{"line":36,"column":50}},"37":{"start":{"line":38,"column":0},"end":{"line":38,"column":12}},"39":{"start":{"line":40,"column":0},"end":{"line":40,"column":63}},"40":{"start":{"line":41,"column":0},"end":{"line":41,"column":93}},"41":{"start":{"line":42,"column":0},"end":{"line":42,"column":110}},"42":{"start":{"line":43,"column":0},"end":{"line":43,"column":55}},"43":{"start":{"line":44,"column":0},"end":{"line":44,"column":69}},"44":{"start":{"line":45,"column":0},"end":{"line":45,"column":40}},"45":{"start":{"line":46,"column":0},"end":{"line":46,"column":18}},"46":{"start":{"line":47,"column":0},"end":{"line":47,"column":75}},"47":{"start":{"line":48,"column":0},"end":{"line":48,"column":70}},"49":{"start":{"line":50,"column":0},"end":{"line":50,"column":18}},"50":{"start":{"line":51,"column":0},"end":{"line":51,"column":41}},"51":{"start":{"line":52,"column":0},"end":{"line":52,"column":92}},"52":{"start":{"line":53,"column":0},"end":{"line":53,"column":21}},"53":{"start":{"line":54,"column":0},"end":{"line":54,"column":80}},"54":{"start":{"line":55,"column":0},"end":{"line":55,"column":57}},"55":{"start":{"line":56,"column":0},"end":{"line":56,"column":18}},"56":{"start":{"line":57,"column":0},"end":{"line":57,"column":20}},"58":{"start":{"line":59,"column":0},"end":{"line":59,"column":16}},"60":{"start":{"line":61,"column":0},"end":{"line":61,"column":89}},"61":{"start":{"line":62,"column":0},"end":{"line":62,"column":106}},"62":{"start":{"line":63,"column":0},"end":{"line":63,"column":84}},"63":{"start":{"line":64,"column":0},"end":{"line":64,"column":129}},"64":{"start":{"line":65,"column":0},"end":{"line":65,"column":16}},"66":{"start":{"line":67,"column":0},"end":{"line":67,"column":61}},"67":{"start":{"line":68,"column":0},"end":{"line":68,"column":113}},"68":{"start":{"line":69,"column":0},"end":{"line":69,"column":14}},"69":{"start":{"line":70,"column":0},"end":{"line":70,"column":78}},"70":{"start":{"line":71,"column":0},"end":{"line":71,"column":80}},"71":{"start":{"line":72,"column":0},"end":{"line":72,"column":34}},"72":{"start":{"line":73,"column":0},"end":{"line":73,"column":53}},"73":{"start":{"line":74,"column":0},"end":{"line":74,"column":80}},"74":{"start":{"line":75,"column":0},"end":{"line":75,"column":43}},"75":{"start":{"line":76,"column":0},"end":{"line":76,"column":56}},"76":{"start":{"line":77,"column":0},"end":{"line":77,"column":80}},"77":{"start":{"line":78,"column":0},"end":{"line":78,"column":16}},"78":{"start":{"line":79,"column":0},"end":{"line":79,"column":43}},"79":{"start":{"line":80,"column":0},"end":{"line":80,"column":66}},"80":{"start":{"line":81,"column":0},"end":{"line":81,"column":62}},"81":{"start":{"line":82,"column":0},"end":{"line":82,"column":16}},"82":{"start":{"line":83,"column":0},"end":{"line":83,"column":16}},"83":{"start":{"line":84,"column":0},"end":{"line":84,"column":14}},"85":{"start":{"line":86,"column":0},"end":{"line":86,"column":30}},"86":{"start":{"line":87,"column":0},"end":{"line":87,"column":132}},"87":{"start":{"line":88,"column":0},"end":{"line":88,"column":88}},"88":{"start":{"line":89,"column":0},"end":{"line":89,"column":49}},"90":{"start":{"line":91,"column":0},"end":{"line":91,"column":18}},"91":{"start":{"line":92,"column":0},"end":{"line":92,"column":29}},"92":{"start":{"line":93,"column":0},"end":{"line":93,"column":16}},"94":{"start":{"line":95,"column":0},"end":{"line":95,"column":12}},"96":{"start":{"line":97,"column":0},"end":{"line":97,"column":31}},"97":{"start":{"line":98,"column":0},"end":{"line":98,"column":92}},"98":{"start":{"line":99,"column":0},"end":{"line":99,"column":30}},"99":{"start":{"line":100,"column":0},"end":{"line":100,"column":50}},"100":{"start":{"line":101,"column":0},"end":{"line":101,"column":41}},"101":{"start":{"line":102,"column":0},"end":{"line":102,"column":52}},"102":{"start":{"line":103,"column":0},"end":{"line":103,"column":22}},"103":{"start":{"line":104,"column":0},"end":{"line":104,"column":20}},"104":{"start":{"line":105,"column":0},"end":{"line":105,"column":27}},"105":{"start":{"line":106,"column":0},"end":{"line":106,"column":85}},"106":{"start":{"line":107,"column":0},"end":{"line":107,"column":28}},"107":{"start":{"line":108,"column":0},"end":{"line":108,"column":62}},"108":{"start":{"line":109,"column":0},"end":{"line":109,"column":67}},"109":{"start":{"line":110,"column":0},"end":{"line":110,"column":21}},"111":{"start":{"line":112,"column":0},"end":{"line":112,"column":84}},"112":{"start":{"line":113,"column":0},"end":{"line":113,"column":44}},"113":{"start":{"line":114,"column":0},"end":{"line":114,"column":62}},"114":{"start":{"line":115,"column":0},"end":{"line":115,"column":92}},"115":{"start":{"line":116,"column":0},"end":{"line":116,"column":27}},"116":{"start":{"line":117,"column":0},"end":{"line":117,"column":74}},"117":{"start":{"line":118,"column":0},"end":{"line":118,"column":111}},"118":{"start":{"line":119,"column":0},"end":{"line":119,"column":26}},"119":{"start":{"line":120,"column":0},"end":{"line":120,"column":26}},"120":{"start":{"line":121,"column":0},"end":{"line":121,"column":68}},"121":{"start":{"line":122,"column":0},"end":{"line":122,"column":129}},"122":{"start":{"line":123,"column":0},"end":{"line":123,"column":32}},"123":{"start":{"line":124,"column":0},"end":{"line":124,"column":24}},"125":{"start":{"line":126,"column":0},"end":{"line":126,"column":82}},"126":{"start":{"line":127,"column":0},"end":{"line":127,"column":82}},"127":{"start":{"line":128,"column":0},"end":{"line":128,"column":123}},"128":{"start":{"line":129,"column":0},"end":{"line":129,"column":99}},"129":{"start":{"line":130,"column":0},"end":{"line":130,"column":26}},"131":{"start":{"line":132,"column":0},"end":{"line":132,"column":28}},"132":{"start":{"line":133,"column":0},"end":{"line":133,"column":59}},"133":{"start":{"line":134,"column":0},"end":{"line":134,"column":82}},"134":{"start":{"line":135,"column":0},"end":{"line":135,"column":26}},"135":{"start":{"line":136,"column":0},"end":{"line":136,"column":26}},"137":{"start":{"line":138,"column":0},"end":{"line":138,"column":22}},"139":{"start":{"line":140,"column":0},"end":{"line":140,"column":15}},"140":{"start":{"line":141,"column":0},"end":{"line":141,"column":16}},"142":{"start":{"line":143,"column":0},"end":{"line":143,"column":104}},"143":{"start":{"line":144,"column":0},"end":{"line":144,"column":102}},"144":{"start":{"line":145,"column":0},"end":{"line":145,"column":16}},"146":{"start":{"line":147,"column":0},"end":{"line":147,"column":12}},"147":{"start":{"line":148,"column":0},"end":{"line":148,"column":10}},"149":{"start":{"line":150,"column":0},"end":{"line":150,"column":1}}},"s":{"0":0,"3":0,"4":0,"5":0,"6":0,"7":0,"8":0,"9":0,"10":0,"11":0,"13":0,"14":0,"15":0,"16":0,"18":0,"20":0,"21":0,"22":0,"23":0,"24":0,"25":0,"27":0,"28":0,"29":0,"30":0,"31":0,"32":0,"34":0,"35":0,"37":0,"39":0,"40":0,"41":0,"42":0,"43":0,"44":0,"45":0,"46":0,"47":0,"49":0,"50":0,"51":0,"52":0,"53":0,"54":0,"55":0,"56":0,"58":0,"60":0,"61":0,"62":0,"63":0,"64":0,"66":0,"67":0,"68":0,"69":0,"70":0,"71":0,"72":0,"73":0,"74":0,"75":0,"76":0,"77":0,"78":0,"79":0,"80":0,"81":0,"82":0,"83":0,"85":0,"86":0,"87":0,"88":0,"90":0,"91":0,"92":0,"94":0,"96":0,"97":0,"98":0,"99":0,"100":0,"101":0,"102":0,"103":0,"104":0,"105":0,"106":0,"107":0,"108":0,"109":0,"111":0,"112":0,"113":0,"114":0,"115":0,"116":0,"117":0,"118":0,"119":0,"120":0,"121":0,"122":0,"123":0,"125":0,"126":0,"127":0,"128":0,"129":0,"131":0,"132":0,"133":0,"134":0,"135":0,"137":0,"139":0,"140":0,"142":0,"143":0,"144":0,"146":0,"147":0,"149":0},"branchMap":{"0":{"type":"branch","line":1,"loc":{"start":{"line":1,"column":0},"end":{"line":150,"column":-3995}},"locations":[{"start":{"line":1,"column":0},"end":{"line":150,"column":-3995}}]}},"b":{"0":[0]},"fnMap":{"0":{"name":"(empty-report)","decl":{"start":{"line":1,"column":0},"end":{"line":150,"column":-3995}},"loc":{"start":{"line":1,"column":0},"end":{"line":150,"column":-3995}},"line":1}},"f":{"0":0}},"C:\\Users\\STYLSG\\Downloads\\VerdictCouncil\\VerdictCouncil_Frontend\\src\\components\\analysis\\DisputedFactsPanel.jsx":{"path":"C:\\Users\\STYLSG\\Downloads\\VerdictCouncil\\VerdictCouncil_Frontend\\src\\components\\analysis\\DisputedFactsPanel.jsx","all":true,"statementMap":{"0":{"start":{"line":1,"column":0},"end":{"line":1,"column":26}},"3":{"start":{"line":4,"column":0},"end":{"line":4,"column":49}},"4":{"start":{"line":5,"column":0},"end":{"line":5,"column":17}},"5":{"start":{"line":6,"column":0},"end":{"line":6,"column":38}},"6":{"start":{"line":7,"column":0},"end":{"line":7,"column":47}},"7":{"start":{"line":8,"column":0},"end":{"line":8,"column":41}},"8":{"start":{"line":9,"column":0},"end":{"line":9,"column":38}},"9":{"start":{"line":10,"column":0},"end":{"line":10,"column":38}},"10":{"start":{"line":11,"column":0},"end":{"line":11,"column":44}},"11":{"start":{"line":12,"column":0},"end":{"line":12,"column":4}},"13":{"start":{"line":14,"column":0},"end":{"line":14,"column":10}},"14":{"start":{"line":15,"column":0},"end":{"line":15,"column":100}},"15":{"start":{"line":16,"column":0},"end":{"line":16,"column":16}},"16":{"start":{"line":17,"column":0},"end":{"line":17,"column":11}},"18":{"start":{"line":19,"column":0},"end":{"line":19,"column":1}},"20":{"start":{"line":21,"column":0},"end":{"line":21,"column":96}},"22":{"start":{"line":23,"column":0},"end":{"line":23,"column":44}},"23":{"start":{"line":24,"column":0},"end":{"line":24,"column":13}},"24":{"start":{"line":25,"column":0},"end":{"line":25,"column":22}},"25":{"start":{"line":26,"column":0},"end":{"line":26,"column":17}},"26":{"start":{"line":27,"column":0},"end":{"line":27,"column":12}},"27":{"start":{"line":28,"column":0},"end":{"line":28,"column":18}},"28":{"start":{"line":29,"column":0},"end":{"line":29,"column":4}},"29":{"start":{"line":30,"column":0},"end":{"line":30,"column":10}},"30":{"start":{"line":31,"column":0},"end":{"line":31,"column":29}},"31":{"start":{"line":32,"column":0},"end":{"line":32,"column":62}},"32":{"start":{"line":33,"column":0},"end":{"line":33,"column":81}},"33":{"start":{"line":34,"column":0},"end":{"line":34,"column":59}},"35":{"start":{"line":36,"column":0},"end":{"line":36,"column":13}},"36":{"start":{"line":37,"column":0},"end":{"line":37,"column":49}},"37":{"start":{"line":38,"column":0},"end":{"line":38,"column":50}},"38":{"start":{"line":39,"column":0},"end":{"line":39,"column":121}},"39":{"start":{"line":40,"column":0},"end":{"line":40,"column":91}},"40":{"start":{"line":41,"column":0},"end":{"line":41,"column":17}},"41":{"start":{"line":42,"column":0},"end":{"line":42,"column":107}},"42":{"start":{"line":43,"column":0},"end":{"line":43,"column":14}},"43":{"start":{"line":44,"column":0},"end":{"line":44,"column":12}},"44":{"start":{"line":45,"column":0},"end":{"line":45,"column":48}},"46":{"start":{"line":47,"column":0},"end":{"line":47,"column":10}},"48":{"start":{"line":49,"column":0},"end":{"line":49,"column":27}},"49":{"start":{"line":50,"column":0},"end":{"line":50,"column":35}},"50":{"start":{"line":51,"column":0},"end":{"line":51,"column":37}},"51":{"start":{"line":52,"column":0},"end":{"line":52,"column":74}},"52":{"start":{"line":53,"column":0},"end":{"line":53,"column":114}},"53":{"start":{"line":54,"column":0},"end":{"line":54,"column":52}},"55":{"start":{"line":56,"column":0},"end":{"line":56,"column":20}},"56":{"start":{"line":57,"column":0},"end":{"line":57,"column":19}},"57":{"start":{"line":58,"column":0},"end":{"line":58,"column":29}},"58":{"start":{"line":59,"column":0},"end":{"line":59,"column":67}},"59":{"start":{"line":60,"column":0},"end":{"line":60,"column":29}},"60":{"start":{"line":61,"column":0},"end":{"line":61,"column":54}},"61":{"start":{"line":62,"column":0},"end":{"line":62,"column":80}},"62":{"start":{"line":63,"column":0},"end":{"line":63,"column":19}},"64":{"start":{"line":65,"column":0},"end":{"line":65,"column":87}},"65":{"start":{"line":66,"column":0},"end":{"line":66,"column":50}},"66":{"start":{"line":67,"column":0},"end":{"line":67,"column":99}},"67":{"start":{"line":68,"column":0},"end":{"line":68,"column":37}},"68":{"start":{"line":69,"column":0},"end":{"line":69,"column":70}},"69":{"start":{"line":70,"column":0},"end":{"line":70,"column":70}},"70":{"start":{"line":71,"column":0},"end":{"line":71,"column":108}},"71":{"start":{"line":72,"column":0},"end":{"line":72,"column":28}},"73":{"start":{"line":74,"column":0},"end":{"line":74,"column":24}},"74":{"start":{"line":75,"column":0},"end":{"line":75,"column":33}},"75":{"start":{"line":76,"column":0},"end":{"line":76,"column":63}},"77":{"start":{"line":78,"column":0},"end":{"line":78,"column":65}},"79":{"start":{"line":80,"column":0},"end":{"line":80,"column":22}},"81":{"start":{"line":82,"column":0},"end":{"line":82,"column":54}},"82":{"start":{"line":83,"column":0},"end":{"line":83,"column":117}},"83":{"start":{"line":84,"column":0},"end":{"line":84,"column":54}},"84":{"start":{"line":85,"column":0},"end":{"line":85,"column":24}},"87":{"start":{"line":88,"column":0},"end":{"line":88,"column":42}},"88":{"start":{"line":89,"column":0},"end":{"line":89,"column":27}},"89":{"start":{"line":90,"column":0},"end":{"line":90,"column":79}},"90":{"start":{"line":91,"column":0},"end":{"line":91,"column":76}},"91":{"start":{"line":92,"column":0},"end":{"line":92,"column":41}},"92":{"start":{"line":93,"column":0},"end":{"line":93,"column":86}},"93":{"start":{"line":94,"column":0},"end":{"line":94,"column":82}},"94":{"start":{"line":95,"column":0},"end":{"line":95,"column":101}},"95":{"start":{"line":96,"column":0},"end":{"line":96,"column":23}},"96":{"start":{"line":97,"column":0},"end":{"line":97,"column":20}},"97":{"start":{"line":98,"column":0},"end":{"line":98,"column":22}},"99":{"start":{"line":100,"column":0},"end":{"line":100,"column":99}},"100":{"start":{"line":101,"column":0},"end":{"line":101,"column":85}},"101":{"start":{"line":102,"column":0},"end":{"line":102,"column":35}},"102":{"start":{"line":103,"column":0},"end":{"line":103,"column":75}},"104":{"start":{"line":105,"column":0},"end":{"line":105,"column":85}},"106":{"start":{"line":107,"column":0},"end":{"line":107,"column":26}},"107":{"start":{"line":108,"column":0},"end":{"line":108,"column":34}},"108":{"start":{"line":109,"column":0},"end":{"line":109,"column":97}},"109":{"start":{"line":110,"column":0},"end":{"line":110,"column":95}},"110":{"start":{"line":111,"column":0},"end":{"line":111,"column":27}},"111":{"start":{"line":112,"column":0},"end":{"line":112,"column":24}},"112":{"start":{"line":113,"column":0},"end":{"line":113,"column":25}},"113":{"start":{"line":114,"column":0},"end":{"line":114,"column":56}},"114":{"start":{"line":115,"column":0},"end":{"line":115,"column":94}},"115":{"start":{"line":116,"column":0},"end":{"line":116,"column":131}},"116":{"start":{"line":117,"column":0},"end":{"line":117,"column":32}},"117":{"start":{"line":118,"column":0},"end":{"line":118,"column":68}},"118":{"start":{"line":119,"column":0},"end":{"line":119,"column":154}},"119":{"start":{"line":120,"column":0},"end":{"line":120,"column":23}},"121":{"start":{"line":122,"column":0},"end":{"line":122,"column":37}},"122":{"start":{"line":123,"column":0},"end":{"line":123,"column":63}},"123":{"start":{"line":124,"column":0},"end":{"line":124,"column":65}},"124":{"start":{"line":125,"column":0},"end":{"line":125,"column":50}},"125":{"start":{"line":126,"column":0},"end":{"line":126,"column":28}},"126":{"start":{"line":127,"column":0},"end":{"line":127,"column":38}},"127":{"start":{"line":128,"column":0},"end":{"line":128,"column":32}},"129":{"start":{"line":130,"column":0},"end":{"line":130,"column":36}},"131":{"start":{"line":132,"column":0},"end":{"line":132,"column":27}},"132":{"start":{"line":133,"column":0},"end":{"line":133,"column":22}},"133":{"start":{"line":134,"column":0},"end":{"line":134,"column":20}},"135":{"start":{"line":136,"column":0},"end":{"line":136,"column":13}},"136":{"start":{"line":137,"column":0},"end":{"line":137,"column":14}},"138":{"start":{"line":139,"column":0},"end":{"line":139,"column":102}},"139":{"start":{"line":140,"column":0},"end":{"line":140,"column":97}},"140":{"start":{"line":141,"column":0},"end":{"line":141,"column":14}},"142":{"start":{"line":143,"column":0},"end":{"line":143,"column":10}},"144":{"start":{"line":145,"column":0},"end":{"line":145,"column":1}}},"s":{"0":0,"3":0,"4":0,"5":0,"6":0,"7":0,"8":0,"9":0,"10":0,"11":0,"13":0,"14":0,"15":0,"16":0,"18":0,"20":0,"22":0,"23":0,"24":0,"25":0,"26":0,"27":0,"28":0,"29":0,"30":0,"31":0,"32":0,"33":0,"35":0,"36":0,"37":0,"38":0,"39":0,"40":0,"41":0,"42":0,"43":0,"44":0,"46":0,"48":0,"49":0,"50":0,"51":0,"52":0,"53":0,"55":0,"56":0,"57":0,"58":0,"59":0,"60":0,"61":0,"62":0,"64":0,"65":0,"66":0,"67":0,"68":0,"69":0,"70":0,"71":0,"73":0,"74":0,"75":0,"77":0,"79":0,"81":0,"82":0,"83":0,"84":0,"87":0,"88":0,"89":0,"90":0,"91":0,"92":0,"93":0,"94":0,"95":0,"96":0,"97":0,"99":0,"100":0,"101":0,"102":0,"104":0,"106":0,"107":0,"108":0,"109":0,"110":0,"111":0,"112":0,"113":0,"114":0,"115":0,"116":0,"117":0,"118":0,"119":0,"121":0,"122":0,"123":0,"124":0,"125":0,"126":0,"127":0,"129":0,"131":0,"132":0,"133":0,"135":0,"136":0,"138":0,"139":0,"140":0,"142":0,"144":0},"branchMap":{"0":{"type":"branch","line":1,"loc":{"start":{"line":1,"column":0},"end":{"line":145,"column":-3552}},"locations":[{"start":{"line":1,"column":0},"end":{"line":145,"column":-3552}}]}},"b":{"0":[0]},"fnMap":{"0":{"name":"(empty-report)","decl":{"start":{"line":1,"column":0},"end":{"line":145,"column":-3552}},"loc":{"start":{"line":1,"column":0},"end":{"line":145,"column":-3552}},"line":1}},"f":{"0":0}}}}