{"numTotalTestSuites":9,"numPassedTestSuites":7,"numFailedTestSuites":2,"numPendingTestSuites":0,"numTotalTests":34,"numPassedTests":33,"numFailedTests":1,"numPendingTests":0,"numTodoTests":0,"snapshot":{"added":0,"failure":false,"filesAdded":0,"filesRemoved":0,"filesRemovedList":[],"filesUnmatched":0,"filesUpdated":0,"matched":0,"total":0,"unchecked":0,"uncheckedKeysByFile":[],"unmatched":0,"updated":0,"didUpdate":false},"startTime":1776603241825,"success":false,"testResults":[{"assertionResults":[{"ancestorTitles":["API module"],"fullName":"API module builds APIError and error messages correctly","status":"passed","title":"builds APIError and error messages correctly","duration":26.058599999999956,"failureMessages":[],"meta":{}},{"ancestorTitles":["API module"],"fullName":"API module constructs correct login URL","status":"passed","title":"constructs correct login URL","duration":2.304100000000062,"failureMessages":[],"meta":{}},{"ancestorTitles":["API module"],"fullName":"API module constructs correct cases list URL","status":"passed","title":"constructs correct cases list URL","duration":2.342700000000036,"failureMessages":[],"meta":{}},{"ancestorTitles":["API module"],"fullName":"API module constructs correct dashboard stats URL","status":"passed","title":"constructs correct dashboard stats URL","duration":2.3822000000000116,"failureMessages":[],"meta":{}},{"ancestorTitles":["API module"],"fullName":"API module constructs correct knowledge base URL","status":"passed","title":"constructs correct knowledge base URL","duration":3.277500000000032,"failureMessages":[],"meta":{}},{"ancestorTitles":["API module"],"fullName":"API module throws an APIError on network failures","status":"passed","title":"throws an APIError on network failures","duration":4.2555999999999585,"failureMessages":[],"meta":{}},{"ancestorTitles":["API module"],"fullName":"API module does not redirect during suppressed 401 session bootstrap","status":"passed","title":"does not redirect during suppressed 401 session bootstrap","duration":2.6211000000000695,"failureMessages":[],"meta":{}},{"ancestorTitles":["API module"],"fullName":"API module falls back to /auth/me when /auth/session is unavailable","status":"passed","title":"falls back to /auth/me when /auth/session is unavailable","duration":2.657100000000014,"failureMessages":[],"meta":{}},{"ancestorTitles":["API module"],"fullName":"API module falls back to getSession when session extension endpoint is unavailable","status":"passed","title":"falls back to getSession when session extension endpoint is unavailable","duration":2.4417000000000826,"failureMessages":[],"meta":{}},{"ancestorTitles":["API module"],"fullName":"API module normalizes decision payloads for backend compatibility","status":"passed","title":"normalizes decision payloads for backend compatibility","duration":1.5427999999999429,"failureMessages":[],"meta":{}},{"ancestorTitles":["API module"],"fullName":"API module constructs correct escalated cases URL","status":"passed","title":"constructs correct escalated cases URL","duration":1.3758000000000266,"failureMessages":[],"meta":{}},{"ancestorTitles":["API module"],"fullName":"API module posts backend-compatible escalated case actions","status":"passed","title":"posts backend-compatible escalated case actions","duration":1.8591000000000122,"failureMessages":[],"meta":{}},{"ancestorTitles":["API module"],"fullName":"API module constructs all newly implemented phase5 contract URLs","status":"passed","title":"constructs all newly implemented phase5 contract URLs","duration":1.8144999999999527,"failureMessages":[],"meta":{}},{"ancestorTitles":["API module"],"fullName":"API module creates an EventSource for pipeline streaming","status":"passed","title":"creates an EventSource for pipeline streaming","duration":2.347099999999955,"failureMessages":[],"meta":{}},{"ancestorTitles":["API module"],"fullName":"API module uploads knowledge base files and reports progress through XMLHttpRequest","status":"passed","title":"uploads knowledge base files and reports progress through XMLHttpRequest","duration":2.2695999999999685,"failureMessages":[],"meta":{}}],"startTime":1776603242748,"endTime":1776603242807.2695,"status":"passed","message":"","name":"C:/Users/STYLSG/Downloads/VerdictCouncil/VerdictCouncil_Frontend/src/__tests__/api.test.js"},{"assertionResults":[{"ancestorTitles":["EscalatedCases — remote action UI"],"fullName":"EscalatedCases — remote action UI loads and displays remote escalation items from the API","status":"passed","title":"loads and displays remote escalation items from the API","duration":46.84100000000012,"failureMessages":[],"meta":{}},{"ancestorTitles":["EscalatedCases — remote action UI"],"fullName":"EscalatedCases — remote action UI shows an empty state when no items match filters","status":"passed","title":"shows an empty state when no items match filters","duration":13.032899999999927,"failureMessages":[],"meta":{}},{"ancestorTitles":["EscalatedCases — remote action UI"],"fullName":"EscalatedCases — remote action UI merges remote items with local-only workflow items","status":"passed","title":"merges remote items with local-only workflow items","duration":20.180599999999913,"failureMessages":[],"meta":{}},{"ancestorTitles":["EscalatedCases — remote action UI"],"fullName":"EscalatedCases — remote action UI filters items by type","status":"passed","title":"filters items by type","duration":64.7630999999999,"failureMessages":[],"meta":{}},{"ancestorTitles":["EscalatedCases — remote action UI"],"fullName":"EscalatedCases — remote action UI filters items by status","status":"passed","title":"filters items by status","duration":32.35919999999987,"failureMessages":[],"meta":{}},{"ancestorTitles":["EscalatedCases — remote action UI"],"fullName":"EscalatedCases — remote action UI shows error toast when loading escalated cases fails","status":"passed","title":"shows error toast when loading escalated cases fails","duration":5.598799999999983,"failureMessages":[],"meta":{}},{"ancestorTitles":["EscalatedCases — remote action UI"],"fullName":"EscalatedCases — remote action UI shows local-only disclaimer when local items exist","status":"passed","title":"shows local-only disclaimer when local items exist","duration":7.713399999999865,"failureMessages":[],"meta":{}},{"ancestorTitles":["SeniorJudgeInbox — remote action UI"],"fullName":"SeniorJudgeInbox — remote action UI loads inbox items and renders the sidebar list","status":"passed","title":"loads inbox items and renders the sidebar list","duration":19.99440000000004,"failureMessages":[],"meta":{}},{"ancestorTitles":["SeniorJudgeInbox — remote action UI"],"fullName":"SeniorJudgeInbox — remote action UI displays the detail view for the selected item","status":"passed","title":"displays the detail view for the selected item","duration":15.481499999999869,"failureMessages":[],"meta":{}},{"ancestorTitles":["SeniorJudgeInbox — remote action UI"],"fullName":"SeniorJudgeInbox — remote action UI filters inbox by status","status":"passed","title":"filters inbox by status","duration":27.798500000000104,"failureMessages":[],"meta":{}},{"ancestorTitles":["SeniorJudgeInbox — remote action UI"],"fullName":"SeniorJudgeInbox — remote action UI filters inbox by item type","status":"passed","title":"filters inbox by item type","duration":26.93470000000002,"failureMessages":[],"meta":{}},{"ancestorTitles":["SeniorJudgeInbox — remote action UI"],"fullName":"SeniorJudgeInbox — remote action UI searches inbox items by text","status":"passed","title":"searches inbox items by text","duration":14.089399999999841,"failureMessages":[],"meta":{}},{"ancestorTitles":["SeniorJudgeInbox — remote action UI"],"fullName":"SeniorJudgeInbox — remote action UI shows backend item count badge","status":"passed","title":"shows backend item count badge","duration":6.160499999999956,"failureMessages":[],"meta":{}},{"ancestorTitles":["SeniorJudgeInbox — remote action UI"],"fullName":"SeniorJudgeInbox — remote action UI shows local-only disclaimer when local items exist","status":"passed","title":"shows local-only disclaimer when local items exist","duration":5.011599999999817,"failureMessages":[],"meta":{}},{"ancestorTitles":["SeniorJudgeInbox — remote action UI"],"fullName":"SeniorJudgeInbox — remote action UI shows error toast when loading inbox fails","status":"passed","title":"shows error toast when loading inbox fails","duration":3.3148999999998523,"failureMessages":[],"meta":{}}],"startTime":1776603243019,"endTime":1776603243329.315,"status":"passed","message":"","name":"C:/Users/STYLSG/Downloads/VerdictCouncil/VerdictCouncil_Frontend/src/__tests__/escalationActions.test.jsx"},{"assertionResults":[{"ancestorTitles":["ForgotPasswordPage"],"fullName":"ForgotPasswordPage submits the email and shows the backend message","status":"passed","title":"submits the email and shows the backend message","duration":93.5272,"failureMessages":[],"meta":{}},{"ancestorTitles":["ForgotPasswordPage"],"fullName":"ForgotPasswordPage shows an error message when the request fails","status":"passed","title":"shows an error message when the request fails","duration":18.168899999999894,"failureMessages":[],"meta":{}}],"startTime":1776603242956,"endTime":1776603243067.169,"status":"passed","message":"","name":"C:/Users/STYLSG/Downloads/VerdictCouncil/VerdictCouncil_Frontend/src/__tests__/ForgotPasswordPage.test.jsx"},{"assertionResults":[{"ancestorTitles":["ResetPasswordPage"],"fullName":"ResetPasswordPage submits the reset token and navigates to login on success","status":"failed","title":"submits the reset token and navigates to login on success","duration":5015.666300000001,"failureMessages":["Error: STACK_TRACE_ERROR\n    at task (file:///C:/Users/STYLSG/Downloads/VerdictCouncil/VerdictCouncil_Frontend/node_modules/@vitest/runner/dist/chunk-hooks.js:638:27)\n    at Object.<anonymous> (file:///C:/Users/STYLSG/Downloads/VerdictCouncil/VerdictCouncil_Frontend/node_modules/@vitest/runner/dist/chunk-hooks.js:662:16)\n    at Object.<anonymous> (file:///C:/Users/STYLSG/Downloads/VerdictCouncil/VerdictCouncil_Frontend/node_modules/@vitest/runner/dist/chunk-hooks.js:458:28)\n    at Module.chain (file:///C:/Users/STYLSG/Downloads/VerdictCouncil/VerdictCouncil_Frontend/node_modules/@vitest/runner/dist/chunk-hooks.js:369:14)\n    at C:\\Users\\STYLSG\\Downloads\\VerdictCouncil\\VerdictCouncil_Frontend\\src\\__tests__\\ResetPasswordPage.test.jsx:34:3\n    at file:///C:/Users/STYLSG/Downloads/VerdictCouncil/VerdictCouncil_Frontend/node_modules/@vitest/runner/dist/chunk-hooks.js:734:40\n    at runWithSuite (file:///C:/Users/STYLSG/Downloads/VerdictCouncil/VerdictCouncil_Frontend/node_modules/@vitest/runner/dist/chunk-hooks.js:1849:8)\n    at Object.collect (file:///C:/Users/STYLSG/Downloads/VerdictCouncil/VerdictCouncil_Frontend/node_modules/@vitest/runner/dist/chunk-hooks.js:734:10)\n    at Object.collect (file:///C:/Users/STYLSG/Downloads/VerdictCouncil/VerdictCouncil_Frontend/node_modules/@vitest/runner/dist/chunk-hooks.js:738:54)\n    at processTicksAndRejections (node:internal/process/task_queues:104:5)\n    at collectTests (file:///C:/Users/STYLSG/Downloads/VerdictCouncil/VerdictCouncil_Frontend/node_modules/@vitest/runner/dist/chunk-hooks.js:1179:25)\n    at startTests (file:///C:/Users/STYLSG/Downloads/VerdictCouncil/VerdictCouncil_Frontend/node_modules/@vitest/runner/dist/chunk-hooks.js:1817:17)\n    at file:///C:/Users/STYLSG/Downloads/VerdictCouncil/VerdictCouncil_Frontend/node_modules/vitest/dist/chunks/runBaseTests.9Ij9_de-.js:117:26\n    at withEnv (file:///C:/Users/STYLSG/Downloads/VerdictCouncil/VerdictCouncil_Frontend/node_modules/vitest/dist/chunks/runBaseTests.9Ij9_de-.js:84:3)\n    at run (file:///C:/Users/STYLSG/Downloads/VerdictCouncil/VerdictCouncil_Frontend/node_modules/vitest/dist/chunks/runBaseTests.9Ij9_de-.js:109:2)"],"meta":{}},{"ancestorTitles":["ResetPasswordPage"],"fullName":"ResetPasswordPage shows an error message when reset verification fails","status":"passed","title":"shows an error message when reset verification fails","duration":29.855900000000474,"failureMessages":[],"meta":{}}],"startTime":1776603242956,"endTime":1776603248000.856,"status":"failed","message":"","name":"C:/Users/STYLSG/Downloads/VerdictCouncil/VerdictCouncil_Frontend/src/__tests__/ResetPasswordPage.test.jsx"}]}