{"numTotalTestSuites":4,"numPassedTestSuites":2,"numFailedTestSuites":2,"numPendingTestSuites":0,"numTotalTests":22,"numPassedTests":21,"numFailedTests":1,"numPendingTests":0,"numTodoTests":0,"snapshot":{"added":0,"failure":false,"filesAdded":0,"filesRemoved":0,"filesRemovedList":[],"filesUnmatched":0,"filesUpdated":0,"matched":0,"total":0,"unchecked":0,"uncheckedKeysByFile":[],"unmatched":0,"updated":0,"didUpdate":false},"startTime":1776603372166,"success":false,"testResults":[{"assertionResults":[{"ancestorTitles":["API module"],"fullName":"API module builds APIError and error messages correctly","status":"passed","title":"builds APIError and error messages correctly","duration":26.991500000000087,"failureMessages":[],"meta":{}},{"ancestorTitles":["API module"],"fullName":"API module constructs correct login URL","status":"passed","title":"constructs correct login URL","duration":2.9972999999999956,"failureMessages":[],"meta":{}},{"ancestorTitles":["API module"],"fullName":"API module constructs correct cases list URL","status":"passed","title":"constructs correct cases list URL","duration":2.389099999999985,"failureMessages":[],"meta":{}},{"ancestorTitles":["API module"],"fullName":"API module constructs correct dashboard stats URL","status":"passed","title":"constructs correct dashboard stats URL","duration":1.2644999999999982,"failureMessages":[],"meta":{}},{"ancestorTitles":["API module"],"fullName":"API module constructs correct knowledge base URL","status":"passed","title":"constructs correct knowledge base URL","duration":1.1713000000000875,"failureMessages":[],"meta":{}},{"ancestorTitles":["API module"],"fullName":"API module throws an APIError on network failures","status":"passed","title":"throws an APIError on network failures","duration":2.0700999999999112,"failureMessages":[],"meta":{}},{"ancestorTitles":["API module"],"fullName":"API module does not redirect during suppressed 401 session bootstrap","status":"passed","title":"does not redirect during suppressed 401 session bootstrap","duration":1.4311999999999898,"failureMessages":[],"meta":{}},{"ancestorTitles":["API module"],"fullName":"API module falls back to /auth/me when /auth/session is unavailable","status":"passed","title":"falls back to /auth/me when /auth/session is unavailable","duration":1.2875999999999976,"failureMessages":[],"meta":{}},{"ancestorTitles":["API module"],"fullName":"API module falls back to getSession when session extension endpoint is unavailable","status":"passed","title":"falls back to getSession when session extension endpoint is unavailable","duration":1.2029999999999745,"failureMessages":[],"meta":{}},{"ancestorTitles":["API module"],"fullName":"API module normalizes decision payloads for backend compatibility","status":"passed","title":"normalizes decision payloads for backend compatibility","duration":1.1267999999998892,"failureMessages":[],"meta":{}},{"ancestorTitles":["API module"],"fullName":"API module constructs correct escalated cases URL","status":"passed","title":"constructs correct escalated cases URL","duration":0.9727000000000317,"failureMessages":[],"meta":{}},{"ancestorTitles":["API module"],"fullName":"API module posts backend-compatible escalated case actions","status":"passed","title":"posts backend-compatible escalated case actions","duration":1.0644999999999527,"failureMessages":[],"meta":{}},{"ancestorTitles":["API module"],"fullName":"API module constructs all newly implemented phase5 contract URLs","status":"passed","title":"constructs all newly implemented phase5 contract URLs","duration":2.0487000000000535,"failureMessages":[],"meta":{}},{"ancestorTitles":["API module"],"fullName":"API module creates an EventSource for pipeline streaming","status":"passed","title":"creates an EventSource for pipeline streaming","duration":2.8542999999999665,"failureMessages":[],"meta":{}},{"ancestorTitles":["API module"],"fullName":"API module uploads knowledge base files and reports progress through XMLHttpRequest","status":"passed","title":"uploads knowledge base files and reports progress through XMLHttpRequest","duration":2.0523000000000593,"failureMessages":[],"meta":{}},{"ancestorTitles":["API module"],"fullName":"API module covers remaining case and hearing workflow endpoints","status":"passed","title":"covers remaining case and hearing workflow endpoints","duration":2.1686999999999443,"failureMessages":[],"meta":{}},{"ancestorTitles":["API module"],"fullName":"API module handles text, empty, and upload error responses","status":"passed","title":"handles text, empty, and upload error responses","duration":1.9896999999999707,"failureMessages":[],"meta":{}}],"startTime":1776603372899,"endTime":1776603372954.9897,"status":"passed","message":"","name":"C:/Users/STYLSG/Downloads/VerdictCouncil/VerdictCouncil_Frontend/src/__tests__/api.test.js"},{"assertionResults":[{"ancestorTitles":["LoginPage"],"fullName":"LoginPage renders a restore-session state while auth is unresolved","status":"passed","title":"renders a restore-session state while auth is unresolved","duration":19.617099999999937,"failureMessages":[],"meta":{}},{"ancestorTitles":["LoginPage"],"fullName":"LoginPage submits credentials and redirects after successful login","status":"passed","title":"submits credentials and redirects after successful login","duration":60.11149999999998,"failureMessages":[],"meta":{}},{"ancestorTitles":["LoginPage"],"fullName":"LoginPage redirects authenticated users to their original route","status":"passed","title":"redirects authenticated users to their original route","duration":4.348400000000083,"failureMessages":[],"meta":{}},{"ancestorTitles":["LoginPage"],"fullName":"LoginPage shows a validation error when credentials are missing","status":"failed","title":"shows a validation error when credentials are missing","duration":1018.9236,"failureMessages":["Error: Unable to find an element with the text: Please enter both email and password. This could be because the text is broken up by multiple elements. In this case, you can provide a function for your text matcher to make your matcher more flexible.\n\nIgnored nodes: comments, script, style\n\u001b[36m<body>\u001b[39m\n  \u001b[36m<div>\u001b[39m\n    \u001b[36m<div\u001b[39m\n      \u001b[33mclass\u001b[39m=\u001b[32m\"min-h-screen flex items-center justify-center bg-gradient-to-br from-navy-900 via-navy-800 to-teal-700 p-4\"\u001b[39m\n    \u001b[36m>\u001b[39m\n      \u001b[36m<div\u001b[39m\n        \u001b[33mclass\u001b[39m=\u001b[32m\"bg-white rounded-xl shadow-2xl overflow-hidden max-w-md w-full\"\u001b[39m\n      \u001b[36m>\u001b[39m\n        \u001b[36m<div\u001b[39m\n          \u001b[33mclass\u001b[39m=\u001b[32m\"bg-gradient-to-r from-navy-900 to-teal-600 px-6 py-8 text-white\"\u001b[39m\n        \u001b[36m>\u001b[39m\n          \u001b[36m<h1\u001b[39m\n            \u001b[33mclass\u001b[39m=\u001b[32m\"text-3xl font-bold mb-2\"\u001b[39m\n          \u001b[36m>\u001b[39m\n            \u001b[0mVerdictCouncil\u001b[0m\n          \u001b[36m</h1>\u001b[39m\n          \u001b[36m<p\u001b[39m\n            \u001b[33mclass\u001b[39m=\u001b[32m\"text-teal-100\"\u001b[39m\n          \u001b[36m>\u001b[39m\n            \u001b[0mJudicial AI Decision Support\u001b[0m\n          \u001b[36m</p>\u001b[39m\n        \u001b[36m</div>\u001b[39m\n        \u001b[36m<form\u001b[39m\n          \u001b[33mclass\u001b[39m=\u001b[32m\"p-8\"\u001b[39m\n        \u001b[36m>\u001b[39m\n          \u001b[36m<div\u001b[39m\n            \u001b[33mclass\u001b[39m=\u001b[32m\"mb-4\"\u001b[39m\n          \u001b[36m>\u001b[39m\n            \u001b[36m<label\u001b[39m\n              \u001b[33mclass\u001b[39m=\u001b[32m\"block text-sm font-medium text-gray-700 mb-2\"\u001b[39m\n              \u001b[33mfor\u001b[39m=\u001b[32m\"login-email\"\u001b[39m\n            \u001b[36m>\u001b[39m\n              \u001b[0mEmail Address\u001b[0m\n            \u001b[36m</label>\u001b[39m\n            \u001b[36m<div\u001b[39m\n              \u001b[33mclass\u001b[39m=\u001b[32m\"relative\"\u001b[39m\n            \u001b[36m>\u001b[39m\n              \u001b[36m<svg\u001b[39m\n                \u001b[33mclass\u001b[39m=\u001b[32m\"lucide lucide-mail absolute left-3 top-3 text-gray-400\"\u001b[39m\n                \u001b[33mfill\u001b[39m=\u001b[32m\"none\"\u001b[39m\n                \u001b[33mheight\u001b[39m=\u001b[32m\"20\"\u001b[39m\n                \u001b[33mstroke\u001b[39m=\u001b[32m\"currentColor\"\u001b[39m\n                \u001b[33mstroke-linecap\u001b[39m=\u001b[32m\"round\"\u001b[39m\n                \u001b[33mstroke-linejoin\u001b[39m=\u001b[32m\"round\"\u001b[39m\n                \u001b[33mstroke-width\u001b[39m=\u001b[32m\"2\"\u001b[39m\n                \u001b[33mviewBox\u001b[39m=\u001b[32m\"0 0 24 24\"\u001b[39m\n                \u001b[33mwidth\u001b[39m=\u001b[32m\"20\"\u001b[39m\n                \u001b[33mxmlns\u001b[39m=\u001b[32m\"http://www.w3.org/2000/svg\"\u001b[39m\n              \u001b[36m>\u001b[39m\n                \u001b[36m<rect\u001b[39m\n                  \u001b[33mheight\u001b[39m=\u001b[32m\"16\"\u001b[39m\n                  \u001b[33mrx\u001b[39m=\u001b[32m\"2\"\u001b[39m\n                  \u001b[33mwidth\u001b[39m=\u001b[32m\"20\"\u001b[39m\n                  \u001b[33mx\u001b[39m=\u001b[32m\"2\"\u001b[39m\n                  \u001b[33my\u001b[39m=\u001b[32m\"4\"\u001b[39m\n                \u001b[36m/>\u001b[39m\n                \u001b[36m<path\u001b[39m\n                  \u001b[33md\u001b[39m=\u001b[32m\"m22 7-8.97 5.7a1.94 1.94 0 0 1-2.06 0L2 7\"\u001b[39m\n                \u001b[36m/>\u001b[39m\n              \u001b[36m</svg>\u001b[39m\n              \u001b[36m<input\u001b[39m\n                \u001b[33mclass\u001b[39m=\u001b[32m\"input-field pl-10\"\u001b[39m\n                \u001b[33mid\u001b[39m=\u001b[32m\"login-email\"\u001b[39m\n                \u001b[33mplaceholder\u001b[39m=\u001b[32m\"judge@verdictcouncil.sg\"\u001b[39m\n                \u001b[33mrequired\u001b[39m=\u001b[32m\"\"\u001b[39m\n                \u001b[33mtype\u001b[39m=\u001b[32m\"email\"\u001b[39m\n                \u001b[33mvalue\u001b[39m=\u001b[32m\"\"\u001b[39m\n              \u001b[36m/>\u001b[39m\n            \u001b[36m</div>\u001b[39m\n          \u001b[36m</div>\u001b[39m\n          \u001b[36m<div\u001b[39m\n            \u001b[33mclass\u001b[39m=\u001b[32m\"mb-6\"\u001b[39m\n          \u001b[36m>\u001b[39m\n            \u001b[36m<label\u001b[39m\n              \u001b[33mclass\u001b[39m=\u001b[32m\"block text-sm font-medium text-gray-700 mb-2\"\u001b[39m\n              \u001b[33mfor\u001b[39m=\u001b[32m\"login-password\"\u001b[39m\n            \u001b[36m>\u001b[39m\n              \u001b[0mPassword\u001b[0m\n            \u001b[36m</label>\u001b[39m\n            \u001b[36m<div\u001b[39m\n              \u001b[33mclass\u001b[39m=\u001b[32m\"relative\"\u001b[39m\n            \u001b[36m>\u001b[39m\n              \u001b[36m<svg\u001b[39m\n                \u001b[33mclass\u001b[39m=\u001b[32m\"lucide lucide-lock absolute left-3 top-3 text-gray-400\"\u001b[39m\n                \u001b[33mfill\u001b[39m=\u001b[32m\"none\"\u001b[39m\n                \u001b[33mheight\u001b[39m=\u001b[32m\"20\"\u001b[39m\n                \u001b[33mstroke\u001b[39m=\u001b[32m\"currentColor\"\u001b[39m\n                \u001b[33mstroke-linecap\u001b[39m=\u001b[32m\"round\"\u001b[39m\n                \u001b[33mstroke-linejoin\u001b[39m=\u001b[32m\"round\"\u001b[39m\n                \u001b[33mstroke-width\u001b[39m=\u001b[32m\"2\"\u001b[39m\n                \u001b[33mviewBox\u001b[39m=\u001b[32m\"0 0 24 24\"\u001b[39m\n                \u001b[33mwidth\u001b[39m=\u001b[32m\"20\"\u001b[39m\n                \u001b[33mxmlns\u001b[39m=\u001b[32m\"http://www.w3.org/2000/svg\"\u001b[39m\n              \u001b[36m>\u001b[39m\n                \u001b[36m<rect\u001b[39m\n                  \u001b[33mheight\u001b[39m=\u001b[32m\"11\"\u001b[39m\n                  \u001b[33mrx\u001b[39m=\u001b[32m\"2\"\u001b[39m\n                  \u001b[33mry\u001b[39m=\u001b[32m\"2\"\u001b[39m\n                  \u001b[33mwidth\u001b[39m=\u001b[32m\"18\"\u001b[39m\n                  \u001b[33mx\u001b[39m=\u001b[32m\"3\"\u001b[39m\n                  \u001b[33my\u001b[39m=\u001b[32m\"11\"\u001b[39m\n                \u001b[36m/>\u001b[39m\n                \u001b[36m<path\u001b[39m\n                  \u001b[33md\u001b[39m=\u001b[32m\"M7 11V7a5 5 0 0 1 10 0v4\"\u001b[39m\n                \u001b[36m/>\u001b[39m\n              \u001b[36m</svg>\u001b[39m\n              \u001b[36m<input\u001b[39m\n                \u001b[33mclass\u001b[39m=\u001b[32m\"input-field pl-10\"\u001b[39m\n                \u001b[33mid\u001b[39m=\u001b[32m\"login-password\"\u001b[39m\n                \u001b[33mplaceholder\u001b[39m=\u001b[32m\"••••••••\"\u001b[39m\n                \u001b[33mrequired\u001b[39m=\u001b[32m\"\"\u001b[39m\n                \u001b[33mtype\u001b[39m=\u001b[32m\"password\"\u001b[39m\n                \u001b[33mvalue\u001b[39m=\u001b[32m\"\"\u001b[39m\n              \u001b[36m/>\u001b[39m\n            \u001b[36m</div>\u001b[39m\n          \u001b[36m</div>\u001b[39m\n          \u001b[36m<button\u001b[39m\n            \u001b[33mclass\u001b[39m=\u001b[32m\"btn-primary w-full py-3 font-semibold\"\u001b[39m\n            \u001b[33mtype\u001b[39m=\u001b[32m\"submit\"\u001b[39m\n          \u001b[36m>\u001b[39m\n            \u001b[0mSign In\u001b[0m\n          \u001b[36m</button>\u001b[39m\n          \u001b[36m<div\u001b[39m\n            \u001b[33mclass\u001b[39m=\u001b[32m\"mt-4 text-center\"\u001b[39m\n          \u001b[36m>\u001b[39m\n            \u001b[36m<a\u001b[39m\n              \u001b[33mclass\u001b[39m=\u001b[32m\"text-sm text-teal-700 hover:text-teal-900\"\u001b[39m\n              \u001b[33mdata-discover\u001b[39m=\u001b[32m\"true\"\u001b[39m\n              \u001b[33mhref\u001b[39m=\u001b[32m\"/forgot-password\"\u001b[39m\n            \u001b[36m>\u001b[39m\n              \u001b[0mForgot your password?\u001b[0m\n            \u001b[36m</a>\u001b[39m\n          \u001b[36m</div>\u001b[39m\n        \u001b[36m</form>\u001b[39m\n        \u001b[36m<div\u001b[39m\n          \u001b[33mclass\u001b[39m=\u001b[32m\"px-8 py-4 bg-gray-50 border-t border-gray-200\"\u001b[39m\n        \u001b[36m>\u001b[39m\n          \u001b[36m<p\u001b[39m\n            \u001b[33mclass\u001b[39m=\u001b[32m\"text-xs text-gray-600 text-center\"\u001b[39m\n          \u001b[36m>\u001b[39m\n            \u001b[0mDemo credentials: judge@verdictcouncil.sg / password\u001b[0m\n          \u001b[36m</p>\u001b[39m\n        \u001b[36m</div>\u001b[39m\n      \u001b[36m</div>\u001b[39m\n    \u001b[36m</div>\u001b[39m\n  \u001b[36m</div>\u001b[39m\n\u001b[36m</body>\u001b[39m\n    at Proxy.waitForWrapper (C:\\Users\\STYLSG\\Downloads\\VerdictCouncil\\VerdictCouncil_Frontend\\node_modules\\@testing-library\\dom\\dist\\wait-for.js:163:27)\n    at C:\\Users\\STYLSG\\Downloads\\VerdictCouncil\\VerdictCouncil_Frontend\\src\\__tests__\\LoginPage.test.jsx:143:11\n    at file:///C:/Users/STYLSG/Downloads/VerdictCouncil/VerdictCouncil_Frontend/node_modules/@vitest/runner/dist/chunk-hooks.js:155:11\n    at file:///C:/Users/STYLSG/Downloads/VerdictCouncil/VerdictCouncil_Frontend/node_modules/@vitest/runner/dist/chunk-hooks.js:752:26\n    at file:///C:/Users/STYLSG/Downloads/VerdictCouncil/VerdictCouncil_Frontend/node_modules/@vitest/runner/dist/chunk-hooks.js:1897:20\n    at new Promise (<anonymous>)\n    at runWithTimeout (file:///C:/Users/STYLSG/Downloads/VerdictCouncil/VerdictCouncil_Frontend/node_modules/@vitest/runner/dist/chunk-hooks.js:1863:10)\n    at runTest (file:///C:/Users/STYLSG/Downloads/VerdictCouncil/VerdictCouncil_Frontend/node_modules/@vitest/runner/dist/chunk-hooks.js:1574:12)\n    at runSuite (file:///C:/Users/STYLSG/Downloads/VerdictCouncil/VerdictCouncil_Frontend/node_modules/@vitest/runner/dist/chunk-hooks.js:1729:8)\n    at runSuite (file:///C:/Users/STYLSG/Downloads/VerdictCouncil/VerdictCouncil_Frontend/node_modules/@vitest/runner/dist/chunk-hooks.js:1729:8)"],"meta":{}},{"ancestorTitles":["LoginPage"],"fullName":"LoginPage shows the normalized API error when login fails","status":"passed","title":"shows the normalized API error when login fails","duration":25.436100000000124,"failureMessages":[],"meta":{}}],"startTime":1776603373052,"endTime":1776603374180.436,"status":"failed","message":"","name":"C:/Users/STYLSG/Downloads/VerdictCouncil/VerdictCouncil_Frontend/src/__tests__/LoginPage.test.jsx"}]}