{"total": {"lines":{"total":306,"covered":303,"skipped":0,"pct":99.01},"statements":{"total":306,"covered":303,"skipped":0,"pct":99.01},"functions":{"total":14,"covered":13,"skipped":0,"pct":92.85},"branches":{"total":56,"covered":53,"skipped":0,"pct":94.64},"branchesTrue":{"total":0,"covered":0,"skipped":0,"pct":100}}
,"C:\\Users\\STYLSG\\Downloads\\VerdictCouncil\\VerdictCouncil_Frontend\\src\\components\\auth\\AuthContentGate.jsx": {"lines":{"total":17,"covered":17,"skipped":0,"pct":100},"functions":{"total":1,"covered":1,"skipped":0,"pct":100},"statements":{"total":17,"covered":17,"skipped":0,"pct":100},"branches":{"total":4,"covered":4,"skipped":0,"pct":100}}
,"C:\\Users\\STYLSG\\Downloads\\VerdictCouncil\\VerdictCouncil_Frontend\\src\\components\\auth\\ProtectedRoute.jsx": {"lines":{"total":32,"covered":32,"skipped":0,"pct":100},"functions":{"total":2,"covered":2,"skipped":0,"pct":100},"statements":{"total":32,"covered":32,"skipped":0,"pct":100},"branches":{"total":9,"covered":9,"skipped":0,"pct":100}}
,"C:\\Users\\STYLSG\\Downloads\\VerdictCouncil\\VerdictCouncil_Frontend\\src\\pages\\auth\\ForgotPasswordPage.jsx": {"lines":{"total":56,"covered":56,"skipped":0,"pct":100},"functions":{"total":3,"covered":3,"skipped":0,"pct":100},"statements":{"total":56,"covered":56,"skipped":0,"pct":100},"branches":{"total":9,"covered":8,"skipped":0,"pct":88.88}}
,"C:\\Users\\STYLSG\\Downloads\\VerdictCouncil\\VerdictCouncil_Frontend\\src\\pages\\auth\\LoginPage.jsx": {"lines":{"total":120,"covered":117,"skipped":0,"pct":97.5},"functions":{"total":4,"covered":3,"skipped":0,"pct":75},"statements":{"total":120,"covered":117,"skipped":0,"pct":97.5},"branches":{"total":22,"covered":21,"skipped":0,"pct":95.45}}
,"C:\\Users\\STYLSG\\Downloads\\VerdictCouncil\\VerdictCouncil_Frontend\\src\\pages\\auth\\ResetPasswordPage.jsx": {"lines":{"total":81,"covered":81,"skipped":0,"pct":100},"functions":{"total":4,"covered":4,"skipped":0,"pct":100},"statements":{"total":81,"covered":81,"skipped":0,"pct":100},"branches":{"total":12,"covered":11,"skipped":0,"pct":91.66}}
}
